Device:  cuda:0
Net:  deeplab
Prepare data...batch_size: 2, img_size: (1024, 384), crop_offset: 690
Begin training...
[epoch-0 , iter-1]  iter loss:1.856  epoch_loss:1.856
[epoch-0 , iter-2]  iter loss:1.327  epoch_loss:1.592
[epoch-0 , iter-3]  iter loss:2.721  epoch_loss:1.968
[epoch-0 , iter-4]  iter loss:1.958  epoch_loss:1.965
[epoch-0 , iter-5]  iter loss:0.934  epoch_loss:1.759
[epoch-0 , iter-6]  iter loss:0.310  epoch_loss:1.518
[epoch-0 , iter-7]  iter loss:0.462  epoch_loss:1.367
[epoch-0 , iter-8]  iter loss:0.161  epoch_loss:1.216
[epoch-0 , iter-9]  iter loss:0.283  epoch_loss:1.112
[epoch-0 , iter-10]  iter loss:0.143  epoch_loss:1.016
[epoch-0 , iter-11]  iter loss:0.287  epoch_loss:0.949
[epoch-0 , iter-12]  iter loss:0.264  epoch_loss:0.892
[epoch-0 , iter-13]  iter loss:0.248  epoch_loss:0.843
[epoch-0 , iter-14]  iter loss:0.147  epoch_loss:0.793
[epoch-0 , iter-15]  iter loss:0.187  epoch_loss:0.753
[epoch-0 , iter-16]  iter loss:0.506  epoch_loss:0.737
[epoch-0 , iter-17]  iter loss:0.236  epoch_loss:0.708
[epoch-0 , iter-18]  iter loss:0.389  epoch_loss:0.690
[epoch-0 , iter-19]  iter loss:0.242  epoch_loss:0.666
[epoch-0 , iter-20]  iter loss:0.155  epoch_loss:0.641
[epoch-0 , iter-21]  iter loss:0.265  epoch_loss:0.623
[epoch-0 , iter-22]  iter loss:0.478  epoch_loss:0.616
[epoch-0 , iter-23]  iter loss:0.180  epoch_loss:0.597
[epoch-0 , iter-24]  iter loss:0.521  epoch_loss:0.594
[epoch-0 , iter-25]  iter loss:0.275  epoch_loss:0.581
[epoch-0 , iter-26]  iter loss:0.435  epoch_loss:0.576
[epoch-0 , iter-27]  iter loss:0.222  epoch_loss:0.563
[epoch-0 , iter-28]  iter loss:0.182  epoch_loss:0.549
[epoch-0 , iter-29]  iter loss:0.230  epoch_loss:0.538
[epoch-0 , iter-30]  iter loss:0.193  epoch_loss:0.527
[epoch-0 , iter-31]  iter loss:0.216  epoch_loss:0.516
[epoch-0 , iter-32]  iter loss:0.238  epoch_loss:0.508
[epoch-0 , iter-33]  iter loss:0.258  epoch_loss:0.500
[epoch-0 , iter-34]  iter loss:0.208  epoch_loss:0.492
[epoch-0 , iter-35]  iter loss:0.122  epoch_loss:0.481
[epoch-0 , iter-36]  iter loss:0.312  epoch_loss:0.476
[epoch-0 , iter-37]  iter loss:0.187  epoch_loss:0.469
[epoch-0 , iter-38]  iter loss:0.187  epoch_loss:0.461
[epoch-0 , iter-39]  iter loss:0.175  epoch_loss:0.454
[epoch-0 , iter-40]  iter loss:0.119  epoch_loss:0.445
[epoch-0 , iter-41]  iter loss:0.148  epoch_loss:0.438
[epoch-0 , iter-42]  iter loss:0.356  epoch_loss:0.436
[epoch-0 , iter-43]  iter loss:0.211  epoch_loss:0.431
[epoch-0 , iter-44]  iter loss:0.131  epoch_loss:0.424
[epoch-0 , iter-45]  iter loss:0.259  epoch_loss:0.420
[epoch-0 , iter-46]  iter loss:0.204  epoch_loss:0.416
[epoch-0 , iter-47]  iter loss:0.138  epoch_loss:0.410
[epoch-0 , iter-48]  iter loss:0.276  epoch_loss:0.407
[epoch-0 , iter-49]  iter loss:0.189  epoch_loss:0.403
[epoch-0 , iter-50]  iter loss:0.136  epoch_loss:0.397
[epoch-0 , iter-51]  iter loss:0.113  epoch_loss:0.392
[epoch-0 , iter-52]  iter loss:0.164  epoch_loss:0.387
[epoch-0 , iter-53]  iter loss:0.128  epoch_loss:0.382
[epoch-0 , iter-54]  iter loss:0.138  epoch_loss:0.378
[epoch-0 , iter-55]  iter loss:0.487  epoch_loss:0.380
[epoch-0 , iter-56]  iter loss:0.479  epoch_loss:0.382
[epoch-0 , iter-57]  iter loss:0.440  epoch_loss:0.383
[epoch-0 , iter-58]  iter loss:0.122  epoch_loss:0.378
[epoch-0 , iter-59]  iter loss:0.169  epoch_loss:0.375
[epoch-0 , iter-60]  iter loss:0.163  epoch_loss:0.371
[epoch-1 , iter-1]  iter loss:0.143  epoch_loss:0.143
[epoch-1 , iter-2]  iter loss:0.179  epoch_loss:0.161
[epoch-1 , iter-3]  iter loss:0.124  epoch_loss:0.149
[epoch-1 , iter-4]  iter loss:0.200  epoch_loss:0.162
[epoch-1 , iter-5]  iter loss:0.204  epoch_loss:0.170
[epoch-1 , iter-6]  iter loss:0.113  epoch_loss:0.161
[epoch-1 , iter-7]  iter loss:0.090  epoch_loss:0.151
[epoch-1 , iter-8]  iter loss:0.182  epoch_loss:0.154
[epoch-1 , iter-9]  iter loss:0.113  epoch_loss:0.150
[epoch-1 , iter-10]  iter loss:0.267  epoch_loss:0.162
[epoch-1 , iter-11]  iter loss:0.145  epoch_loss:0.160
[epoch-1 , iter-12]  iter loss:0.395  epoch_loss:0.180
[epoch-1 , iter-13]  iter loss:0.220  epoch_loss:0.183
[epoch-1 , iter-14]  iter loss:0.199  epoch_loss:0.184
[epoch-1 , iter-15]  iter loss:0.151  epoch_loss:0.182
[epoch-1 , iter-16]  iter loss:0.252  epoch_loss:0.186
[epoch-1 , iter-17]  iter loss:0.226  epoch_loss:0.189
[epoch-1 , iter-18]  iter loss:0.354  epoch_loss:0.198
[epoch-1 , iter-19]  iter loss:0.152  epoch_loss:0.195
[epoch-1 , iter-20]  iter loss:0.111  epoch_loss:0.191
[epoch-1 , iter-21]  iter loss:0.286  epoch_loss:0.196
[epoch-1 , iter-22]  iter loss:0.117  epoch_loss:0.192
[epoch-1 , iter-23]  iter loss:0.130  epoch_loss:0.189
[epoch-1 , iter-24]  iter loss:0.107  epoch_loss:0.186
[epoch-1 , iter-25]  iter loss:0.253  epoch_loss:0.189
[epoch-1 , iter-26]  iter loss:0.183  epoch_loss:0.188
[epoch-1 , iter-27]  iter loss:0.225  epoch_loss:0.190
[epoch-1 , iter-28]  iter loss:0.128  epoch_loss:0.188
[epoch-1 , iter-29]  iter loss:0.489  epoch_loss:0.198
[epoch-1 , iter-30]  iter loss:0.106  epoch_loss:0.195
[epoch-1 , iter-31]  iter loss:0.155  epoch_loss:0.194
[epoch-1 , iter-32]  iter loss:0.117  epoch_loss:0.191
[epoch-1 , iter-33]  iter loss:0.093  epoch_loss:0.188
[epoch-1 , iter-34]  iter loss:0.123  epoch_loss:0.186
[epoch-1 , iter-35]  iter loss:0.331  epoch_loss:0.190
[epoch-1 , iter-36]  iter loss:0.168  epoch_loss:0.190
[epoch-1 , iter-37]  iter loss:0.073  epoch_loss:0.187
[epoch-1 , iter-38]  iter loss:0.121  epoch_loss:0.185
[epoch-1 , iter-39]  iter loss:0.130  epoch_loss:0.184
[epoch-1 , iter-40]  iter loss:0.261  epoch_loss:0.185
[epoch-1 , iter-41]  iter loss:0.172  epoch_loss:0.185
[epoch-1 , iter-42]  iter loss:0.240  epoch_loss:0.186
[epoch-1 , iter-43]  iter loss:0.102  epoch_loss:0.184
[epoch-1 , iter-44]  iter loss:0.215  epoch_loss:0.185
[epoch-1 , iter-45]  iter loss:0.162  epoch_loss:0.185
[epoch-1 , iter-46]  iter loss:0.133  epoch_loss:0.184
[epoch-1 , iter-47]  iter loss:0.185  epoch_loss:0.184
[epoch-1 , iter-48]  iter loss:0.105  epoch_loss:0.182
[epoch-1 , iter-49]  iter loss:0.153  epoch_loss:0.181
[epoch-1 , iter-50]  iter loss:0.114  epoch_loss:0.180
[epoch-1 , iter-51]  iter loss:0.102  epoch_loss:0.178
[epoch-1 , iter-52]  iter loss:0.175  epoch_loss:0.178
[epoch-1 , iter-53]  iter loss:0.111  epoch_loss:0.177
[epoch-1 , iter-54]  iter loss:0.359  epoch_loss:0.180
[epoch-1 , iter-55]  iter loss:0.068  epoch_loss:0.178
[epoch-1 , iter-56]  iter loss:0.098  epoch_loss:0.177
[epoch-1 , iter-57]  iter loss:0.171  epoch_loss:0.177
[epoch-1 , iter-58]  iter loss:0.061  epoch_loss:0.175
[epoch-1 , iter-59]  iter loss:0.126  epoch_loss:0.174
[epoch-1 , iter-60]  iter loss:0.343  epoch_loss:0.177
[epoch-2 , iter-1]  iter loss:0.227  epoch_loss:0.227
[epoch-2 , iter-2]  iter loss:0.079  epoch_loss:0.153
[epoch-2 , iter-3]  iter loss:0.153  epoch_loss:0.153
[epoch-2 , iter-4]  iter loss:0.455  epoch_loss:0.229
[epoch-2 , iter-5]  iter loss:0.364  epoch_loss:0.256
[epoch-2 , iter-6]  iter loss:0.105  epoch_loss:0.230
[epoch-2 , iter-7]  iter loss:0.189  epoch_loss:0.225
[epoch-2 , iter-8]  iter loss:0.096  epoch_loss:0.208
[epoch-2 , iter-9]  iter loss:0.234  epoch_loss:0.211
[epoch-2 , iter-10]  iter loss:0.150  epoch_loss:0.205
[epoch-2 , iter-11]  iter loss:0.090  epoch_loss:0.195
[epoch-2 , iter-12]  iter loss:0.246  epoch_loss:0.199
[epoch-2 , iter-13]  iter loss:0.087  epoch_loss:0.190
[epoch-2 , iter-14]  iter loss:0.227  epoch_loss:0.193
[epoch-2 , iter-15]  iter loss:0.091  epoch_loss:0.186
[epoch-2 , iter-16]  iter loss:0.261  epoch_loss:0.191
[epoch-2 , iter-17]  iter loss:0.083  epoch_loss:0.185
[epoch-2 , iter-18]  iter loss:0.085  epoch_loss:0.179
[epoch-2 , iter-19]  iter loss:0.130  epoch_loss:0.176
[epoch-2 , iter-20]  iter loss:0.298  epoch_loss:0.183
[epoch-2 , iter-21]  iter loss:0.087  epoch_loss:0.178
[epoch-2 , iter-22]  iter loss:0.082  epoch_loss:0.174
[epoch-2 , iter-23]  iter loss:0.087  epoch_loss:0.170
[epoch-2 , iter-24]  iter loss:0.081  epoch_loss:0.166
[epoch-2 , iter-25]  iter loss:0.179  epoch_loss:0.167
[epoch-2 , iter-26]  iter loss:0.183  epoch_loss:0.167
[epoch-2 , iter-27]  iter loss:0.109  epoch_loss:0.165
[epoch-2 , iter-28]  iter loss:0.183  epoch_loss:0.166
[epoch-2 , iter-29]  iter loss:0.140  epoch_loss:0.165
[epoch-2 , iter-30]  iter loss:0.136  epoch_loss:0.164
[epoch-2 , iter-31]  iter loss:0.100  epoch_loss:0.162
[epoch-2 , iter-32]  iter loss:0.366  epoch_loss:0.168
[epoch-2 , iter-33]  iter loss:0.103  epoch_loss:0.166
[epoch-2 , iter-34]  iter loss:0.145  epoch_loss:0.166
[epoch-2 , iter-35]  iter loss:0.368  epoch_loss:0.171
[epoch-2 , iter-36]  iter loss:0.249  epoch_loss:0.174
[epoch-2 , iter-37]  iter loss:0.186  epoch_loss:0.174
[epoch-2 , iter-38]  iter loss:0.121  epoch_loss:0.173
[epoch-2 , iter-39]  iter loss:0.060  epoch_loss:0.170
[epoch-2 , iter-40]  iter loss:0.088  epoch_loss:0.168
[epoch-2 , iter-41]  iter loss:0.113  epoch_loss:0.166
[epoch-2 , iter-42]  iter loss:0.113  epoch_loss:0.165
[epoch-2 , iter-43]  iter loss:0.079  epoch_loss:0.163
[epoch-2 , iter-44]  iter loss:0.207  epoch_loss:0.164
[epoch-2 , iter-45]  iter loss:0.096  epoch_loss:0.162
[epoch-2 , iter-46]  iter loss:0.227  epoch_loss:0.164
[epoch-2 , iter-47]  iter loss:0.245  epoch_loss:0.166
[epoch-2 , iter-48]  iter loss:0.202  epoch_loss:0.166
[epoch-2 , iter-49]  iter loss:0.096  epoch_loss:0.165
[epoch-2 , iter-50]  iter loss:0.073  epoch_loss:0.163
[epoch-2 , iter-51]  iter loss:0.106  epoch_loss:0.162
[epoch-2 , iter-52]  iter loss:0.142  epoch_loss:0.162
[epoch-2 , iter-53]  iter loss:0.141  epoch_loss:0.161
[epoch-2 , iter-54]  iter loss:0.090  epoch_loss:0.160
[epoch-2 , iter-55]  iter loss:0.135  epoch_loss:0.159
[epoch-2 , iter-56]  iter loss:0.113  epoch_loss:0.159
[epoch-2 , iter-57]  iter loss:0.075  epoch_loss:0.157
[epoch-2 , iter-58]  iter loss:0.081  epoch_loss:0.156
[epoch-2 , iter-59]  iter loss:0.116  epoch_loss:0.155
[epoch-2 , iter-60]  iter loss:0.251  epoch_loss:0.157
[epoch-3 , iter-1]  iter loss:0.127  epoch_loss:0.127
[epoch-3 , iter-2]  iter loss:0.051  epoch_loss:0.089
[epoch-3 , iter-3]  iter loss:0.085  epoch_loss:0.088
[epoch-3 , iter-4]  iter loss:0.211  epoch_loss:0.119
[epoch-3 , iter-5]  iter loss:0.116  epoch_loss:0.118
[epoch-3 , iter-6]  iter loss:0.223  epoch_loss:0.136
[epoch-3 , iter-7]  iter loss:0.053  epoch_loss:0.124
[epoch-3 , iter-8]  iter loss:0.115  epoch_loss:0.123
[epoch-3 , iter-9]  iter loss:0.319  epoch_loss:0.144
[epoch-3 , iter-10]  iter loss:0.147  epoch_loss:0.145
[epoch-3 , iter-11]  iter loss:0.408  epoch_loss:0.169
[epoch-3 , iter-12]  iter loss:0.254  epoch_loss:0.176
[epoch-3 , iter-13]  iter loss:0.278  epoch_loss:0.184
[epoch-3 , iter-14]  iter loss:0.096  epoch_loss:0.177
[epoch-3 , iter-15]  iter loss:0.120  epoch_loss:0.174
[epoch-3 , iter-16]  iter loss:0.159  epoch_loss:0.173
[epoch-3 , iter-17]  iter loss:0.148  epoch_loss:0.171
[epoch-3 , iter-18]  iter loss:0.116  epoch_loss:0.168
[epoch-3 , iter-19]  iter loss:0.216  epoch_loss:0.171
[epoch-3 , iter-20]  iter loss:0.115  epoch_loss:0.168
[epoch-3 , iter-21]  iter loss:0.161  epoch_loss:0.168
[epoch-3 , iter-22]  iter loss:0.086  epoch_loss:0.164
[epoch-3 , iter-23]  iter loss:0.086  epoch_loss:0.160
[epoch-3 , iter-24]  iter loss:0.162  epoch_loss:0.161
[epoch-3 , iter-25]  iter loss:0.099  epoch_loss:0.158
[epoch-3 , iter-26]  iter loss:0.125  epoch_loss:0.157
[epoch-3 , iter-27]  iter loss:0.107  epoch_loss:0.155
[epoch-3 , iter-28]  iter loss:0.153  epoch_loss:0.155
[epoch-3 , iter-29]  iter loss:0.188  epoch_loss:0.156
[epoch-3 , iter-30]  iter loss:0.119  epoch_loss:0.155
[epoch-3 , iter-31]  iter loss:0.106  epoch_loss:0.153
[epoch-3 , iter-32]  iter loss:0.172  epoch_loss:0.154
[epoch-3 , iter-33]  iter loss:0.098  epoch_loss:0.152
[epoch-3 , iter-34]  iter loss:0.322  epoch_loss:0.157
[epoch-3 , iter-35]  iter loss:0.106  epoch_loss:0.156
[epoch-3 , iter-36]  iter loss:0.141  epoch_loss:0.155
[epoch-3 , iter-37]  iter loss:0.156  epoch_loss:0.155
[epoch-3 , iter-38]  iter loss:0.136  epoch_loss:0.155
[epoch-3 , iter-39]  iter loss:0.069  epoch_loss:0.153
[epoch-3 , iter-40]  iter loss:0.134  epoch_loss:0.152
[epoch-3 , iter-41]  iter loss:0.057  epoch_loss:0.150
[epoch-3 , iter-42]  iter loss:0.072  epoch_loss:0.148
[epoch-3 , iter-43]  iter loss:0.090  epoch_loss:0.147
[epoch-3 , iter-44]  iter loss:0.117  epoch_loss:0.146
[epoch-3 , iter-45]  iter loss:0.127  epoch_loss:0.145
[epoch-3 , iter-46]  iter loss:0.287  epoch_loss:0.149
[epoch-3 , iter-47]  iter loss:0.105  epoch_loss:0.148
[epoch-3 , iter-48]  iter loss:0.340  epoch_loss:0.152
[epoch-3 , iter-49]  iter loss:0.170  epoch_loss:0.152
[epoch-3 , iter-50]  iter loss:0.382  epoch_loss:0.157
[epoch-3 , iter-51]  iter loss:0.184  epoch_loss:0.157
[epoch-3 , iter-52]  iter loss:0.248  epoch_loss:0.159
[epoch-3 , iter-53]  iter loss:0.111  epoch_loss:0.158
[epoch-3 , iter-54]  iter loss:0.166  epoch_loss:0.158
[epoch-3 , iter-55]  iter loss:0.105  epoch_loss:0.157
[epoch-3 , iter-56]  iter loss:0.123  epoch_loss:0.157
[epoch-3 , iter-57]  iter loss:0.152  epoch_loss:0.156
[epoch-3 , iter-58]  iter loss:0.144  epoch_loss:0.156
[epoch-3 , iter-59]  iter loss:0.108  epoch_loss:0.155
[epoch-3 , iter-60]  iter loss:0.309  epoch_loss:0.158
[epoch-4 , iter-1]  iter loss:0.092  epoch_loss:0.092
[epoch-4 , iter-2]  iter loss:0.165  epoch_loss:0.128
[epoch-4 , iter-3]  iter loss:0.163  epoch_loss:0.140
[epoch-4 , iter-4]  iter loss:0.054  epoch_loss:0.118
[epoch-4 , iter-5]  iter loss:0.089  epoch_loss:0.113
[epoch-4 , iter-6]  iter loss:0.046  epoch_loss:0.101
[epoch-4 , iter-7]  iter loss:0.080  epoch_loss:0.098
[epoch-4 , iter-8]  iter loss:0.082  epoch_loss:0.096
[epoch-4 , iter-9]  iter loss:0.095  epoch_loss:0.096
[epoch-4 , iter-10]  iter loss:0.115  epoch_loss:0.098
[epoch-4 , iter-11]  iter loss:0.253  epoch_loss:0.112
[epoch-4 , iter-12]  iter loss:0.094  epoch_loss:0.111
[epoch-4 , iter-13]  iter loss:0.116  epoch_loss:0.111
[epoch-4 , iter-14]  iter loss:0.157  epoch_loss:0.114
[epoch-4 , iter-15]  iter loss:0.087  epoch_loss:0.112
[epoch-4 , iter-16]  iter loss:0.162  epoch_loss:0.116
[epoch-4 , iter-17]  iter loss:0.122  epoch_loss:0.116
[epoch-4 , iter-18]  iter loss:0.094  epoch_loss:0.115
[epoch-4 , iter-19]  iter loss:0.099  epoch_loss:0.114
[epoch-4 , iter-20]  iter loss:0.449  epoch_loss:0.131
[epoch-4 , iter-21]  iter loss:0.095  epoch_loss:0.129
[epoch-4 , iter-22]  iter loss:0.080  epoch_loss:0.127
[epoch-4 , iter-23]  iter loss:0.173  epoch_loss:0.129
[epoch-4 , iter-24]  iter loss:0.082  epoch_loss:0.127
[epoch-4 , iter-25]  iter loss:0.102  epoch_loss:0.126
[epoch-4 , iter-26]  iter loss:0.097  epoch_loss:0.125
[epoch-4 , iter-27]  iter loss:0.078  epoch_loss:0.123
[epoch-4 , iter-28]  iter loss:0.103  epoch_loss:0.122
[epoch-4 , iter-29]  iter loss:0.117  epoch_loss:0.122
[epoch-4 , iter-30]  iter loss:0.136  epoch_loss:0.123
[epoch-4 , iter-31]  iter loss:0.062  epoch_loss:0.121
[epoch-4 , iter-32]  iter loss:0.194  epoch_loss:0.123
[epoch-4 , iter-33]  iter loss:0.327  epoch_loss:0.129
[epoch-4 , iter-34]  iter loss:0.109  epoch_loss:0.129
[epoch-4 , iter-35]  iter loss:0.165  epoch_loss:0.130
[epoch-4 , iter-36]  iter loss:0.086  epoch_loss:0.128
[epoch-4 , iter-37]  iter loss:0.090  epoch_loss:0.127
[epoch-4 , iter-38]  iter loss:0.124  epoch_loss:0.127
[epoch-4 , iter-39]  iter loss:0.253  epoch_loss:0.131
[epoch-4 , iter-40]  iter loss:0.106  epoch_loss:0.130
[epoch-4 , iter-41]  iter loss:0.278  epoch_loss:0.134
[epoch-4 , iter-42]  iter loss:0.073  epoch_loss:0.132
[epoch-4 , iter-43]  iter loss:0.231  epoch_loss:0.134
[epoch-4 , iter-44]  iter loss:0.115  epoch_loss:0.134
[epoch-4 , iter-45]  iter loss:0.319  epoch_loss:0.138
[epoch-4 , iter-46]  iter loss:0.219  epoch_loss:0.140
[epoch-4 , iter-47]  iter loss:0.096  epoch_loss:0.139
[epoch-4 , iter-48]  iter loss:0.230  epoch_loss:0.141
[epoch-4 , iter-49]  iter loss:0.278  epoch_loss:0.144
[epoch-4 , iter-50]  iter loss:0.142  epoch_loss:0.144
[epoch-4 , iter-51]  iter loss:0.091  epoch_loss:0.142
[epoch-4 , iter-52]  iter loss:0.183  epoch_loss:0.143
[epoch-4 , iter-53]  iter loss:0.135  epoch_loss:0.143
[epoch-4 , iter-54]  iter loss:0.193  epoch_loss:0.144
[epoch-4 , iter-55]  iter loss:0.166  epoch_loss:0.144
[epoch-4 , iter-56]  iter loss:0.078  epoch_loss:0.143
[epoch-4 , iter-57]  iter loss:0.101  epoch_loss:0.143
[epoch-4 , iter-58]  iter loss:0.083  epoch_loss:0.141
[epoch-4 , iter-59]  iter loss:0.085  epoch_loss:0.141
[epoch-4 , iter-60]  iter loss:0.144  epoch_loss:0.141
[epoch-5 , iter-1]  iter loss:0.191  epoch_loss:0.191
[epoch-5 , iter-2]  iter loss:0.087  epoch_loss:0.139
[epoch-5 , iter-3]  iter loss:0.063  epoch_loss:0.114
[epoch-5 , iter-4]  iter loss:0.081  epoch_loss:0.106
[epoch-5 , iter-5]  iter loss:0.077  epoch_loss:0.100
[epoch-5 , iter-6]  iter loss:0.062  epoch_loss:0.093
[epoch-5 , iter-7]  iter loss:0.162  epoch_loss:0.103
[epoch-5 , iter-8]  iter loss:0.075  epoch_loss:0.100
[epoch-5 , iter-9]  iter loss:0.095  epoch_loss:0.099
[epoch-5 , iter-10]  iter loss:0.096  epoch_loss:0.099
[epoch-5 , iter-11]  iter loss:0.109  epoch_loss:0.100
[epoch-5 , iter-12]  iter loss:0.101  epoch_loss:0.100
[epoch-5 , iter-13]  iter loss:0.055  epoch_loss:0.096
[epoch-5 , iter-14]  iter loss:0.056  epoch_loss:0.094
[epoch-5 , iter-15]  iter loss:0.115  epoch_loss:0.095
[epoch-5 , iter-16]  iter loss:0.123  epoch_loss:0.097
[epoch-5 , iter-17]  iter loss:0.073  epoch_loss:0.095
[epoch-5 , iter-18]  iter loss:0.151  epoch_loss:0.098
[epoch-5 , iter-19]  iter loss:0.270  epoch_loss:0.108
[epoch-5 , iter-20]  iter loss:0.084  epoch_loss:0.106
[epoch-5 , iter-21]  iter loss:0.181  epoch_loss:0.110
[epoch-5 , iter-22]  iter loss:0.101  epoch_loss:0.110
[epoch-5 , iter-23]  iter loss:0.102  epoch_loss:0.109
[epoch-5 , iter-24]  iter loss:0.101  epoch_loss:0.109
[epoch-5 , iter-25]  iter loss:0.050  epoch_loss:0.107
[epoch-5 , iter-26]  iter loss:0.044  epoch_loss:0.104
[epoch-5 , iter-27]  iter loss:0.340  epoch_loss:0.113
[epoch-5 , iter-28]  iter loss:0.234  epoch_loss:0.117
[epoch-5 , iter-29]  iter loss:0.063  epoch_loss:0.115
[epoch-5 , iter-30]  iter loss:0.076  epoch_loss:0.114
[epoch-5 , iter-31]  iter loss:0.153  epoch_loss:0.115
[epoch-5 , iter-32]  iter loss:0.139  epoch_loss:0.116
[epoch-5 , iter-33]  iter loss:0.069  epoch_loss:0.115
[epoch-5 , iter-34]  iter loss:0.145  epoch_loss:0.116
[epoch-5 , iter-35]  iter loss:0.081  epoch_loss:0.115
[epoch-5 , iter-36]  iter loss:0.257  epoch_loss:0.118
[epoch-5 , iter-37]  iter loss:0.094  epoch_loss:0.118
[epoch-5 , iter-38]  iter loss:0.087  epoch_loss:0.117
[epoch-5 , iter-39]  iter loss:0.199  epoch_loss:0.119
[epoch-5 , iter-40]  iter loss:0.312  epoch_loss:0.124
[epoch-5 , iter-41]  iter loss:0.226  epoch_loss:0.126
[epoch-5 , iter-42]  iter loss:0.087  epoch_loss:0.125
[epoch-5 , iter-43]  iter loss:0.095  epoch_loss:0.125
[epoch-5 , iter-44]  iter loss:0.178  epoch_loss:0.126
[epoch-5 , iter-45]  iter loss:0.217  epoch_loss:0.128
[epoch-5 , iter-46]  iter loss:0.163  epoch_loss:0.129
[epoch-5 , iter-47]  iter loss:0.086  epoch_loss:0.128
[epoch-5 , iter-48]  iter loss:0.097  epoch_loss:0.127
[epoch-5 , iter-49]  iter loss:0.258  epoch_loss:0.130
[epoch-5 , iter-50]  iter loss:0.104  epoch_loss:0.129
[epoch-5 , iter-51]  iter loss:0.064  epoch_loss:0.128
[epoch-5 , iter-52]  iter loss:0.094  epoch_loss:0.127
[epoch-5 , iter-53]  iter loss:0.035  epoch_loss:0.126
[epoch-5 , iter-54]  iter loss:0.280  epoch_loss:0.129
[epoch-5 , iter-55]  iter loss:0.081  epoch_loss:0.128
[epoch-5 , iter-56]  iter loss:0.079  epoch_loss:0.127
[epoch-5 , iter-57]  iter loss:0.081  epoch_loss:0.126
[epoch-5 , iter-58]  iter loss:0.129  epoch_loss:0.126
[epoch-5 , iter-59]  iter loss:0.206  epoch_loss:0.127
[epoch-5 , iter-60]  iter loss:0.220  epoch_loss:0.129
[epoch-6 , iter-1]  iter loss:0.073  epoch_loss:0.073
[epoch-6 , iter-2]  iter loss:0.097  epoch_loss:0.085
[epoch-6 , iter-3]  iter loss:0.094  epoch_loss:0.088
[epoch-6 , iter-4]  iter loss:0.114  epoch_loss:0.095
[epoch-6 , iter-5]  iter loss:0.126  epoch_loss:0.101
[epoch-6 , iter-6]  iter loss:0.202  epoch_loss:0.118
[epoch-6 , iter-7]  iter loss:0.181  epoch_loss:0.127
[epoch-6 , iter-8]  iter loss:0.053  epoch_loss:0.118
[epoch-6 , iter-9]  iter loss:0.197  epoch_loss:0.126
[epoch-6 , iter-10]  iter loss:0.119  epoch_loss:0.126
[epoch-6 , iter-11]  iter loss:0.096  epoch_loss:0.123
[epoch-6 , iter-12]  iter loss:0.200  epoch_loss:0.129
[epoch-6 , iter-13]  iter loss:0.098  epoch_loss:0.127
[epoch-6 , iter-14]  iter loss:0.085  epoch_loss:0.124
[epoch-6 , iter-15]  iter loss:0.059  epoch_loss:0.120
[epoch-6 , iter-16]  iter loss:0.195  epoch_loss:0.124
[epoch-6 , iter-17]  iter loss:0.244  epoch_loss:0.131
[epoch-6 , iter-18]  iter loss:0.042  epoch_loss:0.126
[epoch-6 , iter-19]  iter loss:0.062  epoch_loss:0.123
[epoch-6 , iter-20]  iter loss:0.107  epoch_loss:0.122
[epoch-6 , iter-21]  iter loss:0.068  epoch_loss:0.120
[epoch-6 , iter-22]  iter loss:0.101  epoch_loss:0.119
[epoch-6 , iter-23]  iter loss:0.306  epoch_loss:0.127
[epoch-6 , iter-24]  iter loss:0.123  epoch_loss:0.127
[epoch-6 , iter-25]  iter loss:0.091  epoch_loss:0.125
[epoch-6 , iter-26]  iter loss:0.066  epoch_loss:0.123
[epoch-6 , iter-27]  iter loss:0.060  epoch_loss:0.121
[epoch-6 , iter-28]  iter loss:0.122  epoch_loss:0.121
[epoch-6 , iter-29]  iter loss:0.116  epoch_loss:0.121
[epoch-6 , iter-30]  iter loss:0.308  epoch_loss:0.127
[epoch-6 , iter-31]  iter loss:0.144  epoch_loss:0.127
[epoch-6 , iter-32]  iter loss:0.046  epoch_loss:0.125
[epoch-6 , iter-33]  iter loss:0.083  epoch_loss:0.124
[epoch-6 , iter-34]  iter loss:0.211  epoch_loss:0.126
[epoch-6 , iter-35]  iter loss:0.088  epoch_loss:0.125
[epoch-6 , iter-36]  iter loss:0.396  epoch_loss:0.133
[epoch-6 , iter-37]  iter loss:0.087  epoch_loss:0.131
[epoch-6 , iter-38]  iter loss:0.072  epoch_loss:0.130
[epoch-6 , iter-39]  iter loss:0.139  epoch_loss:0.130
[epoch-6 , iter-40]  iter loss:0.068  epoch_loss:0.128
[epoch-6 , iter-41]  iter loss:0.114  epoch_loss:0.128
[epoch-6 , iter-42]  iter loss:0.117  epoch_loss:0.128
[epoch-6 , iter-43]  iter loss:0.129  epoch_loss:0.128
[epoch-6 , iter-44]  iter loss:0.100  epoch_loss:0.127
[epoch-6 , iter-45]  iter loss:0.080  epoch_loss:0.126
[epoch-6 , iter-46]  iter loss:0.064  epoch_loss:0.125
[epoch-6 , iter-47]  iter loss:0.070  epoch_loss:0.124
[epoch-6 , iter-48]  iter loss:0.139  epoch_loss:0.124
[epoch-6 , iter-49]  iter loss:0.137  epoch_loss:0.124
[epoch-6 , iter-50]  iter loss:0.370  epoch_loss:0.129
[epoch-6 , iter-51]  iter loss:0.083  epoch_loss:0.128
[epoch-6 , iter-52]  iter loss:0.122  epoch_loss:0.128
[epoch-6 , iter-53]  iter loss:0.062  epoch_loss:0.127
[epoch-6 , iter-54]  iter loss:0.166  epoch_loss:0.128
[epoch-6 , iter-55]  iter loss:0.139  epoch_loss:0.128
[epoch-6 , iter-56]  iter loss:0.121  epoch_loss:0.128
[epoch-6 , iter-57]  iter loss:0.176  epoch_loss:0.129
[epoch-6 , iter-58]  iter loss:0.153  epoch_loss:0.129
[epoch-6 , iter-59]  iter loss:0.088  epoch_loss:0.128
[epoch-6 , iter-60]  iter loss:0.090  epoch_loss:0.128
[epoch-7 , iter-1]  iter loss:0.074  epoch_loss:0.074
[epoch-7 , iter-2]  iter loss:0.098  epoch_loss:0.086
[epoch-7 , iter-3]  iter loss:0.059  epoch_loss:0.077
[epoch-7 , iter-4]  iter loss:0.063  epoch_loss:0.073
[epoch-7 , iter-5]  iter loss:0.049  epoch_loss:0.068
[epoch-7 , iter-6]  iter loss:0.071  epoch_loss:0.069
[epoch-7 , iter-7]  iter loss:0.086  epoch_loss:0.071
[epoch-7 , iter-8]  iter loss:0.245  epoch_loss:0.093
[epoch-7 , iter-9]  iter loss:0.099  epoch_loss:0.094
[epoch-7 , iter-10]  iter loss:0.099  epoch_loss:0.094
[epoch-7 , iter-11]  iter loss:0.117  epoch_loss:0.096
[epoch-7 , iter-12]  iter loss:0.079  epoch_loss:0.095
[epoch-7 , iter-13]  iter loss:0.144  epoch_loss:0.099
[epoch-7 , iter-14]  iter loss:0.300  epoch_loss:0.113
[epoch-7 , iter-15]  iter loss:0.033  epoch_loss:0.108
[epoch-7 , iter-16]  iter loss:0.061  epoch_loss:0.105
[epoch-7 , iter-17]  iter loss:0.129  epoch_loss:0.106
[epoch-7 , iter-18]  iter loss:0.128  epoch_loss:0.107
[epoch-7 , iter-19]  iter loss:0.117  epoch_loss:0.108
[epoch-7 , iter-20]  iter loss:0.079  epoch_loss:0.106
[epoch-7 , iter-21]  iter loss:0.137  epoch_loss:0.108
[epoch-7 , iter-22]  iter loss:0.212  epoch_loss:0.113
[epoch-7 , iter-23]  iter loss:0.141  epoch_loss:0.114
[epoch-7 , iter-24]  iter loss:0.140  epoch_loss:0.115
[epoch-7 , iter-25]  iter loss:0.081  epoch_loss:0.114
[epoch-7 , iter-26]  iter loss:0.074  epoch_loss:0.112
[epoch-7 , iter-27]  iter loss:0.154  epoch_loss:0.114
[epoch-7 , iter-28]  iter loss:0.436  epoch_loss:0.125
[epoch-7 , iter-29]  iter loss:0.134  epoch_loss:0.125
[epoch-7 , iter-30]  iter loss:0.085  epoch_loss:0.124
[epoch-7 , iter-31]  iter loss:0.121  epoch_loss:0.124
[epoch-7 , iter-32]  iter loss:0.074  epoch_loss:0.122
[epoch-7 , iter-33]  iter loss:0.141  epoch_loss:0.123
[epoch-7 , iter-34]  iter loss:0.158  epoch_loss:0.124
[epoch-7 , iter-35]  iter loss:0.142  epoch_loss:0.125
[epoch-7 , iter-36]  iter loss:0.068  epoch_loss:0.123
[epoch-7 , iter-37]  iter loss:0.125  epoch_loss:0.123
[epoch-7 , iter-38]  iter loss:0.256  epoch_loss:0.127
[epoch-7 , iter-39]  iter loss:0.096  epoch_loss:0.126
[epoch-7 , iter-40]  iter loss:0.121  epoch_loss:0.126
[epoch-7 , iter-41]  iter loss:0.075  epoch_loss:0.124
[epoch-7 , iter-42]  iter loss:0.073  epoch_loss:0.123
[epoch-7 , iter-43]  iter loss:0.058  epoch_loss:0.122
[epoch-7 , iter-44]  iter loss:0.080  epoch_loss:0.121
[epoch-7 , iter-45]  iter loss:0.152  epoch_loss:0.121
[epoch-7 , iter-46]  iter loss:0.068  epoch_loss:0.120
[epoch-7 , iter-47]  iter loss:0.112  epoch_loss:0.120
[epoch-7 , iter-48]  iter loss:0.082  epoch_loss:0.119
[epoch-7 , iter-49]  iter loss:0.086  epoch_loss:0.119
[epoch-7 , iter-50]  iter loss:0.087  epoch_loss:0.118
[epoch-7 , iter-51]  iter loss:0.162  epoch_loss:0.119
[epoch-7 , iter-52]  iter loss:0.064  epoch_loss:0.118
[epoch-7 , iter-53]  iter loss:0.083  epoch_loss:0.117
[epoch-7 , iter-54]  iter loss:0.080  epoch_loss:0.116
[epoch-7 , iter-55]  iter loss:0.093  epoch_loss:0.116
[epoch-7 , iter-56]  iter loss:0.119  epoch_loss:0.116
[epoch-7 , iter-57]  iter loss:0.222  epoch_loss:0.118
[epoch-7 , iter-58]  iter loss:0.081  epoch_loss:0.117
[epoch-7 , iter-59]  iter loss:0.457  epoch_loss:0.123
[epoch-7 , iter-60]  iter loss:0.084  epoch_loss:0.122
[epoch-8 , iter-1]  iter loss:0.196  epoch_loss:0.196
[epoch-8 , iter-2]  iter loss:0.098  epoch_loss:0.147
[epoch-8 , iter-3]  iter loss:0.292  epoch_loss:0.195
[epoch-8 , iter-4]  iter loss:0.137  epoch_loss:0.181
[epoch-8 , iter-5]  iter loss:0.090  epoch_loss:0.163
[epoch-8 , iter-6]  iter loss:0.079  epoch_loss:0.149
[epoch-8 , iter-7]  iter loss:0.073  epoch_loss:0.138
[epoch-8 , iter-8]  iter loss:0.087  epoch_loss:0.132
[epoch-8 , iter-9]  iter loss:0.113  epoch_loss:0.130
[epoch-8 , iter-10]  iter loss:0.056  epoch_loss:0.122
[epoch-8 , iter-11]  iter loss:0.136  epoch_loss:0.123
[epoch-8 , iter-12]  iter loss:0.265  epoch_loss:0.135
[epoch-8 , iter-13]  iter loss:0.087  epoch_loss:0.132
[epoch-8 , iter-14]  iter loss:0.268  epoch_loss:0.141
[epoch-8 , iter-15]  iter loss:0.097  epoch_loss:0.138
[epoch-8 , iter-16]  iter loss:0.047  epoch_loss:0.133
[epoch-8 , iter-17]  iter loss:0.162  epoch_loss:0.134
[epoch-8 , iter-18]  iter loss:0.111  epoch_loss:0.133
[epoch-8 , iter-19]  iter loss:0.189  epoch_loss:0.136
[epoch-8 , iter-20]  iter loss:0.109  epoch_loss:0.135
[epoch-8 , iter-21]  iter loss:0.111  epoch_loss:0.134
[epoch-8 , iter-22]  iter loss:0.277  epoch_loss:0.140
[epoch-8 , iter-23]  iter loss:0.079  epoch_loss:0.137
[epoch-8 , iter-24]  iter loss:0.089  epoch_loss:0.135
[epoch-8 , iter-25]  iter loss:0.077  epoch_loss:0.133
[epoch-8 , iter-26]  iter loss:0.058  epoch_loss:0.130
[epoch-8 , iter-27]  iter loss:0.100  epoch_loss:0.129
[epoch-8 , iter-28]  iter loss:0.066  epoch_loss:0.127
[epoch-8 , iter-29]  iter loss:0.063  epoch_loss:0.125
[epoch-8 , iter-30]  iter loss:0.283  epoch_loss:0.130
[epoch-8 , iter-31]  iter loss:0.103  epoch_loss:0.129
[epoch-8 , iter-32]  iter loss:0.256  epoch_loss:0.133
[epoch-8 , iter-33]  iter loss:0.146  epoch_loss:0.133
[epoch-8 , iter-34]  iter loss:0.084  epoch_loss:0.132
[epoch-8 , iter-35]  iter loss:0.083  epoch_loss:0.131
[epoch-8 , iter-36]  iter loss:0.049  epoch_loss:0.128
[epoch-8 , iter-37]  iter loss:0.052  epoch_loss:0.126
[epoch-8 , iter-38]  iter loss:0.159  epoch_loss:0.127
[epoch-8 , iter-39]  iter loss:0.089  epoch_loss:0.126
[epoch-8 , iter-40]  iter loss:0.175  epoch_loss:0.127
[epoch-8 , iter-41]  iter loss:0.110  epoch_loss:0.127
[epoch-8 , iter-42]  iter loss:0.097  epoch_loss:0.126
[epoch-8 , iter-43]  iter loss:0.285  epoch_loss:0.130
[epoch-8 , iter-44]  iter loss:0.066  epoch_loss:0.128
[epoch-8 , iter-45]  iter loss:0.087  epoch_loss:0.127
[epoch-8 , iter-46]  iter loss:0.074  epoch_loss:0.126
[epoch-8 , iter-47]  iter loss:0.171  epoch_loss:0.127
[epoch-8 , iter-48]  iter loss:0.145  epoch_loss:0.128
[epoch-8 , iter-49]  iter loss:0.078  epoch_loss:0.127
[epoch-8 , iter-50]  iter loss:0.122  epoch_loss:0.127
[epoch-8 , iter-51]  iter loss:0.099  epoch_loss:0.126
[epoch-8 , iter-52]  iter loss:0.066  epoch_loss:0.125
[epoch-8 , iter-53]  iter loss:0.085  epoch_loss:0.124
[epoch-8 , iter-54]  iter loss:0.131  epoch_loss:0.124
[epoch-8 , iter-55]  iter loss:0.055  epoch_loss:0.123
[epoch-8 , iter-56]  iter loss:0.059  epoch_loss:0.122
[epoch-8 , iter-57]  iter loss:0.094  epoch_loss:0.121
[epoch-8 , iter-58]  iter loss:0.057  epoch_loss:0.120
[epoch-8 , iter-59]  iter loss:0.093  epoch_loss:0.120
[epoch-8 , iter-60]  iter loss:0.059  epoch_loss:0.119
[epoch-9 , iter-1]  iter loss:0.064  epoch_loss:0.064
[epoch-9 , iter-2]  iter loss:0.069  epoch_loss:0.066
[epoch-9 , iter-3]  iter loss:0.075  epoch_loss:0.069
[epoch-9 , iter-4]  iter loss:0.056  epoch_loss:0.066
[epoch-9 , iter-5]  iter loss:0.072  epoch_loss:0.067
[epoch-9 , iter-6]  iter loss:0.048  epoch_loss:0.064
[epoch-9 , iter-7]  iter loss:0.118  epoch_loss:0.072
[epoch-9 , iter-8]  iter loss:0.078  epoch_loss:0.073
[epoch-9 , iter-9]  iter loss:0.258  epoch_loss:0.093
[epoch-9 , iter-10]  iter loss:0.056  epoch_loss:0.089
[epoch-9 , iter-11]  iter loss:0.157  epoch_loss:0.096
[epoch-9 , iter-12]  iter loss:0.103  epoch_loss:0.096
[epoch-9 , iter-13]  iter loss:0.086  epoch_loss:0.095
[epoch-9 , iter-14]  iter loss:0.242  epoch_loss:0.106
[epoch-9 , iter-15]  iter loss:0.242  epoch_loss:0.115
[epoch-9 , iter-16]  iter loss:0.157  epoch_loss:0.118
[epoch-9 , iter-17]  iter loss:0.172  epoch_loss:0.121
[epoch-9 , iter-18]  iter loss:0.109  epoch_loss:0.120
[epoch-9 , iter-19]  iter loss:0.217  epoch_loss:0.125
[epoch-9 , iter-20]  iter loss:0.148  epoch_loss:0.126
[epoch-9 , iter-21]  iter loss:0.213  epoch_loss:0.130
[epoch-9 , iter-22]  iter loss:0.276  epoch_loss:0.137
[epoch-9 , iter-23]  iter loss:0.091  epoch_loss:0.135
[epoch-9 , iter-24]  iter loss:0.130  epoch_loss:0.135
[epoch-9 , iter-25]  iter loss:0.157  epoch_loss:0.136
[epoch-9 , iter-26]  iter loss:0.094  epoch_loss:0.134
[epoch-9 , iter-27]  iter loss:0.201  epoch_loss:0.137
[epoch-9 , iter-28]  iter loss:0.171  epoch_loss:0.138
[epoch-9 , iter-29]  iter loss:0.127  epoch_loss:0.137
[epoch-9 , iter-30]  iter loss:0.148  epoch_loss:0.138
[epoch-9 , iter-31]  iter loss:0.062  epoch_loss:0.135
[epoch-9 , iter-32]  iter loss:0.198  epoch_loss:0.137
[epoch-9 , iter-33]  iter loss:0.121  epoch_loss:0.137
[epoch-9 , iter-34]  iter loss:0.083  epoch_loss:0.135
[epoch-9 , iter-35]  iter loss:0.079  epoch_loss:0.134
[epoch-9 , iter-36]  iter loss:0.300  epoch_loss:0.138
[epoch-9 , iter-37]  iter loss:0.177  epoch_loss:0.139
[epoch-9 , iter-38]  iter loss:0.096  epoch_loss:0.138
[epoch-9 , iter-39]  iter loss:0.064  epoch_loss:0.136
[epoch-9 , iter-40]  iter loss:0.065  epoch_loss:0.135
[epoch-9 , iter-41]  iter loss:0.148  epoch_loss:0.135
[epoch-9 , iter-42]  iter loss:0.192  epoch_loss:0.136
[epoch-9 , iter-43]  iter loss:0.067  epoch_loss:0.135
[epoch-9 , iter-44]  iter loss:0.093  epoch_loss:0.134
[epoch-9 , iter-45]  iter loss:0.206  epoch_loss:0.135
[epoch-9 , iter-46]  iter loss:0.146  epoch_loss:0.135
[epoch-9 , iter-47]  iter loss:0.048  epoch_loss:0.134
[epoch-9 , iter-48]  iter loss:0.100  epoch_loss:0.133
[epoch-9 , iter-49]  iter loss:0.075  epoch_loss:0.132
[epoch-9 , iter-50]  iter loss:0.057  epoch_loss:0.130
[epoch-9 , iter-51]  iter loss:0.313  epoch_loss:0.134
[epoch-9 , iter-52]  iter loss:0.176  epoch_loss:0.135
[epoch-9 , iter-53]  iter loss:0.318  epoch_loss:0.138
[epoch-9 , iter-54]  iter loss:0.161  epoch_loss:0.139
[epoch-9 , iter-55]  iter loss:0.123  epoch_loss:0.138
[epoch-9 , iter-56]  iter loss:0.076  epoch_loss:0.137
[epoch-9 , iter-57]  iter loss:0.081  epoch_loss:0.136
[epoch-9 , iter-58]  iter loss:0.079  epoch_loss:0.135
[epoch-9 , iter-59]  iter loss:0.073  epoch_loss:0.134
[epoch-9 , iter-60]  iter loss:0.081  epoch_loss:0.133
