Device:  cuda:0
Net:  deeplab
load weights from:  /home/rogqigx171/Lane_segmentation/weights_1/ep_7_ls_0.021_0.570.pth
Prepare data...batch_size: 2, img_size: (1536, 512), crop_offset: 690
Begin training...
TRAIN:[epoch-0 , iter-1]  iter loss:0.029  iter miou:0.418  epoch_loss:0.029  epoch_miou:0.418
TRAIN:[epoch-0 , iter-2]  iter loss:0.018  iter miou:0.485  epoch_loss:0.023  epoch_miou:0.452
TRAIN:[epoch-0 , iter-3]  iter loss:0.045  iter miou:0.507  epoch_loss:0.031  epoch_miou:0.470
TRAIN:[epoch-0 , iter-4]  iter loss:0.037  iter miou:0.332  epoch_loss:0.032  epoch_miou:0.435
TRAIN:[epoch-0 , iter-5]  iter loss:0.031  iter miou:0.493  epoch_loss:0.032  epoch_miou:0.447
TRAIN:[epoch-0 , iter-6]  iter loss:0.053  iter miou:0.422  epoch_loss:0.035  epoch_miou:0.443
TRAIN:[epoch-0 , iter-7]  iter loss:0.054  iter miou:0.391  epoch_loss:0.038  epoch_miou:0.436
TRAIN:[epoch-0 , iter-8]  iter loss:0.032  iter miou:0.378  epoch_loss:0.037  epoch_miou:0.428
TRAIN:[epoch-0 , iter-9]  iter loss:0.024  iter miou:0.333  epoch_loss:0.036  epoch_miou:0.418
TRAIN:[epoch-0 , iter-10]  iter loss:0.036  iter miou:0.455  epoch_loss:0.036  epoch_miou:0.422
TRAIN:[epoch-0 , iter-11]  iter loss:0.014  iter miou:0.400  epoch_loss:0.034  epoch_miou:0.420
TRAIN:[epoch-0 , iter-12]  iter loss:0.113  iter miou:0.411  epoch_loss:0.040  epoch_miou:0.419
TRAIN:[epoch-0 , iter-13]  iter loss:0.018  iter miou:0.462  epoch_loss:0.039  epoch_miou:0.422
TRAIN:[epoch-0 , iter-14]  iter loss:0.050  iter miou:0.412  epoch_loss:0.039  epoch_miou:0.422
TRAIN:[epoch-0 , iter-15]  iter loss:0.110  iter miou:0.357  epoch_loss:0.044  epoch_miou:0.417
TRAIN:[epoch-0 , iter-16]  iter loss:0.017  iter miou:0.533  epoch_loss:0.042  epoch_miou:0.424
TRAIN:[epoch-0 , iter-17]  iter loss:0.024  iter miou:0.543  epoch_loss:0.041  epoch_miou:0.431
TRAIN:[epoch-0 , iter-18]  iter loss:0.036  iter miou:0.454  epoch_loss:0.041  epoch_miou:0.433
TRAIN:[epoch-0 , iter-19]  iter loss:0.057  iter miou:0.510  epoch_loss:0.042  epoch_miou:0.437
TRAIN:[epoch-0 , iter-20]  iter loss:0.050  iter miou:0.509  epoch_loss:0.042  epoch_miou:0.440
TRAIN:[epoch-0 , iter-21]  iter loss:0.018  iter miou:0.470  epoch_loss:0.041  epoch_miou:0.442
TRAIN:[epoch-0 , iter-22]  iter loss:0.084  iter miou:0.266  epoch_loss:0.043  epoch_miou:0.434
TRAIN:[epoch-0 , iter-23]  iter loss:0.019  iter miou:0.440  epoch_loss:0.042  epoch_miou:0.434
TRAIN:[epoch-0 , iter-24]  iter loss:0.028  iter miou:0.402  epoch_loss:0.042  epoch_miou:0.433
TRAIN:[epoch-0 , iter-25]  iter loss:0.098  iter miou:0.325  epoch_loss:0.044  epoch_miou:0.428
TRAIN:[epoch-0 , iter-26]  iter loss:0.021  iter miou:0.476  epoch_loss:0.043  epoch_miou:0.430
TRAIN:[epoch-0 , iter-27]  iter loss:0.025  iter miou:0.491  epoch_loss:0.042  epoch_miou:0.433
TRAIN:[epoch-0 , iter-28]  iter loss:0.037  iter miou:0.373  epoch_loss:0.042  epoch_miou:0.430
TRAIN:[epoch-0 , iter-29]  iter loss:0.031  iter miou:0.567  epoch_loss:0.042  epoch_miou:0.435
TRAIN:[epoch-0 , iter-30]  iter loss:0.012  iter miou:0.481  epoch_loss:0.041  epoch_miou:0.437
TRAIN:[epoch-0 , iter-31]  iter loss:0.016  iter miou:0.398  epoch_loss:0.040  epoch_miou:0.435
TRAIN:[epoch-0 , iter-32]  iter loss:0.031  iter miou:0.399  epoch_loss:0.040  epoch_miou:0.434
TRAIN:[epoch-0 , iter-33]  iter loss:0.022  iter miou:0.470  epoch_loss:0.039  epoch_miou:0.435
TRAIN:[epoch-0 , iter-34]  iter loss:0.025  iter miou:0.488  epoch_loss:0.039  epoch_miou:0.437
TRAIN:[epoch-0 , iter-35]  iter loss:0.033  iter miou:0.420  epoch_loss:0.039  epoch_miou:0.436
TRAIN:[epoch-0 , iter-36]  iter loss:0.036  iter miou:0.379  epoch_loss:0.038  epoch_miou:0.435
TRAIN:[epoch-0 , iter-37]  iter loss:0.026  iter miou:0.418  epoch_loss:0.038  epoch_miou:0.434
TRAIN:[epoch-0 , iter-38]  iter loss:0.044  iter miou:0.475  epoch_loss:0.038  epoch_miou:0.435
TRAIN:[epoch-0 , iter-39]  iter loss:0.018  iter miou:0.609  epoch_loss:0.038  epoch_miou:0.440
TRAIN:[epoch-0 , iter-40]  iter loss:0.055  iter miou:0.393  epoch_loss:0.038  epoch_miou:0.439
TRAIN:[epoch-0 , iter-41]  iter loss:0.027  iter miou:0.489  epoch_loss:0.038  epoch_miou:0.440
TRAIN:[epoch-0 , iter-42]  iter loss:0.022  iter miou:0.328  epoch_loss:0.038  epoch_miou:0.437
TRAIN:[epoch-0 , iter-43]  iter loss:0.045  iter miou:0.336  epoch_loss:0.038  epoch_miou:0.435
TRAIN:[epoch-0 , iter-44]  iter loss:0.025  iter miou:0.441  epoch_loss:0.037  epoch_miou:0.435
TRAIN:[epoch-0 , iter-45]  iter loss:0.031  iter miou:0.385  epoch_loss:0.037  epoch_miou:0.434
TRAIN:[epoch-0 , iter-46]  iter loss:0.025  iter miou:0.504  epoch_loss:0.037  epoch_miou:0.435
TRAIN:[epoch-0 , iter-47]  iter loss:0.044  iter miou:0.464  epoch_loss:0.037  epoch_miou:0.436
TRAIN:[epoch-0 , iter-48]  iter loss:0.049  iter miou:0.429  epoch_loss:0.037  epoch_miou:0.436
TRAIN:[epoch-0 , iter-49]  iter loss:0.038  iter miou:0.511  epoch_loss:0.037  epoch_miou:0.437
TRAIN:[epoch-0 , iter-50]  iter loss:0.063  iter miou:0.479  epoch_loss:0.038  epoch_miou:0.438
TRAIN:[epoch-0 , iter-51]  iter loss:0.061  iter miou:0.609  epoch_loss:0.038  epoch_miou:0.442
TRAIN:[epoch-0 , iter-52]  iter loss:0.036  iter miou:0.620  epoch_loss:0.038  epoch_miou:0.445
TRAIN:[epoch-0 , iter-53]  iter loss:0.013  iter miou:0.457  epoch_loss:0.038  epoch_miou:0.445
TRAIN:[epoch-0 , iter-54]  iter loss:0.029  iter miou:0.514  epoch_loss:0.038  epoch_miou:0.447
TRAIN:[epoch-0 , iter-55]  iter loss:0.018  iter miou:0.589  epoch_loss:0.037  epoch_miou:0.449
TRAIN:[epoch-0 , iter-56]  iter loss:0.024  iter miou:0.546  epoch_loss:0.037  epoch_miou:0.451
TRAIN:[epoch-0 , iter-57]  iter loss:0.017  iter miou:0.393  epoch_loss:0.037  epoch_miou:0.450
TRAIN:[epoch-0 , iter-58]  iter loss:0.044  iter miou:0.633  epoch_loss:0.037  epoch_miou:0.453
TRAIN:[epoch-0 , iter-59]  iter loss:0.017  iter miou:0.373  epoch_loss:0.037  epoch_miou:0.452
TRAIN:[epoch-0 , iter-60]  iter loss:0.024  iter miou:0.468  epoch_loss:0.036  epoch_miou:0.452
TRAIN:[epoch-0 , iter-61]  iter loss:0.009  iter miou:0.404  epoch_loss:0.036  epoch_miou:0.451
TRAIN:[epoch-0 , iter-62]  iter loss:0.030  iter miou:0.469  epoch_loss:0.036  epoch_miou:0.451
TRAIN:[epoch-0 , iter-63]  iter loss:0.025  iter miou:0.536  epoch_loss:0.036  epoch_miou:0.453
TRAIN:[epoch-0 , iter-64]  iter loss:0.024  iter miou:0.347  epoch_loss:0.035  epoch_miou:0.451
TRAIN:[epoch-0 , iter-65]  iter loss:0.041  iter miou:0.374  epoch_loss:0.036  epoch_miou:0.450
TRAIN:[epoch-0 , iter-66]  iter loss:0.012  iter miou:0.478  epoch_loss:0.035  epoch_miou:0.450
TRAIN:[epoch-0 , iter-67]  iter loss:0.028  iter miou:0.521  epoch_loss:0.035  epoch_miou:0.451
TRAIN:[epoch-0 , iter-68]  iter loss:0.018  iter miou:0.342  epoch_loss:0.035  epoch_miou:0.450
TRAIN:[epoch-0 , iter-69]  iter loss:0.031  iter miou:0.365  epoch_loss:0.035  epoch_miou:0.449
TRAIN:[epoch-0 , iter-70]  iter loss:0.017  iter miou:0.471  epoch_loss:0.034  epoch_miou:0.449
TRAIN:[epoch-0 , iter-71]  iter loss:0.011  iter miou:0.469  epoch_loss:0.034  epoch_miou:0.449
TRAIN:[epoch-0 , iter-72]  iter loss:0.029  iter miou:0.451  epoch_loss:0.034  epoch_miou:0.449
TRAIN:[epoch-0 , iter-73]  iter loss:0.037  iter miou:0.378  epoch_loss:0.034  epoch_miou:0.448
TRAIN:[epoch-0 , iter-74]  iter loss:0.025  iter miou:0.299  epoch_loss:0.034  epoch_miou:0.446
TRAIN:[epoch-0 , iter-75]  iter loss:0.038  iter miou:0.364  epoch_loss:0.034  epoch_miou:0.445
TRAIN:[epoch-0 , iter-76]  iter loss:0.044  iter miou:0.596  epoch_loss:0.034  epoch_miou:0.447
TRAIN:[epoch-0 , iter-77]  iter loss:0.021  iter miou:0.559  epoch_loss:0.034  epoch_miou:0.449
TRAIN:[epoch-0 , iter-78]  iter loss:0.085  iter miou:0.546  epoch_loss:0.035  epoch_miou:0.450
TRAIN:[epoch-0 , iter-79]  iter loss:0.032  iter miou:0.574  epoch_loss:0.035  epoch_miou:0.451
TRAIN:[epoch-0 , iter-80]  iter loss:0.011  iter miou:0.505  epoch_loss:0.034  epoch_miou:0.452
TRAIN:[epoch-0 , iter-81]  iter loss:0.052  iter miou:0.545  epoch_loss:0.035  epoch_miou:0.453
TRAIN:[epoch-0 , iter-82]  iter loss:0.060  iter miou:0.512  epoch_loss:0.035  epoch_miou:0.454
TRAIN:[epoch-0 , iter-83]  iter loss:0.028  iter miou:0.566  epoch_loss:0.035  epoch_miou:0.455
TRAIN:[epoch-0 , iter-84]  iter loss:0.028  iter miou:0.515  epoch_loss:0.035  epoch_miou:0.456
TRAIN:[epoch-0 , iter-85]  iter loss:0.023  iter miou:0.385  epoch_loss:0.035  epoch_miou:0.455
TRAIN:[epoch-0 , iter-86]  iter loss:0.062  iter miou:0.389  epoch_loss:0.035  epoch_miou:0.454
TRAIN:[epoch-0 , iter-87]  iter loss:0.043  iter miou:0.556  epoch_loss:0.035  epoch_miou:0.456
TRAIN:[epoch-0 , iter-88]  iter loss:0.017  iter miou:0.416  epoch_loss:0.035  epoch_miou:0.455
TRAIN:[epoch-0 , iter-89]  iter loss:0.043  iter miou:0.403  epoch_loss:0.035  epoch_miou:0.454
TRAIN:[epoch-0 , iter-90]  iter loss:0.069  iter miou:0.383  epoch_loss:0.035  epoch_miou:0.454
TRAIN:[epoch-0 , iter-91]  iter loss:0.054  iter miou:0.483  epoch_loss:0.035  epoch_miou:0.454
TRAIN:[epoch-0 , iter-92]  iter loss:0.045  iter miou:0.395  epoch_loss:0.036  epoch_miou:0.453
TRAIN:[epoch-0 , iter-93]  iter loss:0.015  iter miou:0.593  epoch_loss:0.035  epoch_miou:0.455
TRAIN:[epoch-0 , iter-94]  iter loss:0.037  iter miou:0.295  epoch_loss:0.035  epoch_miou:0.453
TRAIN:[epoch-0 , iter-95]  iter loss:0.027  iter miou:0.332  epoch_loss:0.035  epoch_miou:0.452
TRAIN:[epoch-0 , iter-96]  iter loss:0.038  iter miou:0.516  epoch_loss:0.035  epoch_miou:0.453
TRAIN:[epoch-0 , iter-97]  iter loss:0.068  iter miou:0.493  epoch_loss:0.036  epoch_miou:0.453
TRAIN:[epoch-0 , iter-98]  iter loss:0.028  iter miou:0.460  epoch_loss:0.036  epoch_miou:0.453
TRAIN:[epoch-0 , iter-99]  iter loss:0.038  iter miou:0.640  epoch_loss:0.036  epoch_miou:0.455
TRAIN:[epoch-0 , iter-100]  iter loss:0.061  iter miou:0.434  epoch_loss:0.036  epoch_miou:0.455
TRAIN:[epoch-0 , iter-101]  iter loss:0.024  iter miou:0.624  epoch_loss:0.036  epoch_miou:0.456
TRAIN:[epoch-0 , iter-102]  iter loss:0.013  iter miou:0.442  epoch_loss:0.035  epoch_miou:0.456
TRAIN:[epoch-0 , iter-103]  iter loss:0.014  iter miou:0.415  epoch_loss:0.035  epoch_miou:0.456
TRAIN:[epoch-0 , iter-104]  iter loss:0.053  iter miou:0.353  epoch_loss:0.035  epoch_miou:0.455
TRAIN:[epoch-0 , iter-105]  iter loss:0.056  iter miou:0.489  epoch_loss:0.036  epoch_miou:0.455
TRAIN:[epoch-0 , iter-106]  iter loss:0.022  iter miou:0.344  epoch_loss:0.036  epoch_miou:0.454
TRAIN:[epoch-0 , iter-107]  iter loss:0.013  iter miou:0.366  epoch_loss:0.035  epoch_miou:0.453
TRAIN:[epoch-0 , iter-108]  iter loss:0.028  iter miou:0.290  epoch_loss:0.035  epoch_miou:0.452
TRAIN:[epoch-0 , iter-109]  iter loss:0.020  iter miou:0.447  epoch_loss:0.035  epoch_miou:0.452
TRAIN:[epoch-0 , iter-110]  iter loss:0.026  iter miou:0.458  epoch_loss:0.035  epoch_miou:0.452
TRAIN:[epoch-0 , iter-111]  iter loss:0.022  iter miou:0.517  epoch_loss:0.035  epoch_miou:0.452
TRAIN:[epoch-0 , iter-112]  iter loss:0.068  iter miou:0.383  epoch_loss:0.035  epoch_miou:0.452
TRAIN:[epoch-0 , iter-113]  iter loss:0.092  iter miou:0.446  epoch_loss:0.036  epoch_miou:0.452
TRAIN:[epoch-0 , iter-114]  iter loss:0.028  iter miou:0.631  epoch_loss:0.036  epoch_miou:0.453
TRAIN:[epoch-0 , iter-115]  iter loss:0.059  iter miou:0.683  epoch_loss:0.036  epoch_miou:0.455
TRAIN:[epoch-0 , iter-116]  iter loss:0.014  iter miou:0.497  epoch_loss:0.036  epoch_miou:0.456
TRAIN:[epoch-0 , iter-117]  iter loss:0.018  iter miou:0.489  epoch_loss:0.035  epoch_miou:0.456
TRAIN:[epoch-0 , iter-118]  iter loss:0.080  iter miou:0.480  epoch_loss:0.036  epoch_miou:0.456
TRAIN:[epoch-0 , iter-119]  iter loss:0.068  iter miou:0.462  epoch_loss:0.036  epoch_miou:0.456
TRAIN:[epoch-0 , iter-120]  iter loss:0.027  iter miou:0.450  epoch_loss:0.036  epoch_miou:0.456
TRAIN:[epoch-0 , iter-121]  iter loss:0.018  iter miou:0.552  epoch_loss:0.036  epoch_miou:0.457
TRAIN:[epoch-0 , iter-122]  iter loss:0.023  iter miou:0.571  epoch_loss:0.036  epoch_miou:0.458
TRAIN:[epoch-0 , iter-123]  iter loss:0.019  iter miou:0.521  epoch_loss:0.036  epoch_miou:0.458
TRAIN:[epoch-0 , iter-124]  iter loss:0.028  iter miou:0.643  epoch_loss:0.036  epoch_miou:0.460
TRAIN:[epoch-0 , iter-125]  iter loss:0.024  iter miou:0.613  epoch_loss:0.036  epoch_miou:0.461
TRAIN:[epoch-0 , iter-126]  iter loss:0.053  iter miou:0.440  epoch_loss:0.036  epoch_miou:0.461
TRAIN:[epoch-0 , iter-127]  iter loss:0.017  iter miou:0.497  epoch_loss:0.035  epoch_miou:0.461
TRAIN:[epoch-0 , iter-128]  iter loss:0.032  iter miou:0.476  epoch_loss:0.035  epoch_miou:0.461
TRAIN:[epoch-0 , iter-129]  iter loss:0.143  iter miou:0.346  epoch_loss:0.036  epoch_miou:0.460
TRAIN:[epoch-0 , iter-130]  iter loss:0.018  iter miou:0.347  epoch_loss:0.036  epoch_miou:0.460
TRAIN:[epoch-0 , iter-131]  iter loss:0.012  iter miou:0.465  epoch_loss:0.036  epoch_miou:0.460
TRAIN:[epoch-0 , iter-132]  iter loss:0.052  iter miou:0.491  epoch_loss:0.036  epoch_miou:0.460
TRAIN:[epoch-0 , iter-133]  iter loss:0.025  iter miou:0.465  epoch_loss:0.036  epoch_miou:0.460
TRAIN:[epoch-0 , iter-134]  iter loss:0.032  iter miou:0.452  epoch_loss:0.036  epoch_miou:0.460
TRAIN:[epoch-0 , iter-135]  iter loss:0.042  iter miou:0.379  epoch_loss:0.036  epoch_miou:0.459
TRAIN:[epoch-0 , iter-136]  iter loss:0.014  iter miou:0.449  epoch_loss:0.036  epoch_miou:0.459
TRAIN:[epoch-0 , iter-137]  iter loss:0.032  iter miou:0.496  epoch_loss:0.036  epoch_miou:0.459
TRAIN:[epoch-0 , iter-138]  iter loss:0.018  iter miou:0.447  epoch_loss:0.036  epoch_miou:0.459
TRAIN:[epoch-0 , iter-139]  iter loss:0.026  iter miou:0.368  epoch_loss:0.036  epoch_miou:0.459
TRAIN:[epoch-0 , iter-140]  iter loss:0.054  iter miou:0.426  epoch_loss:0.036  epoch_miou:0.458
TRAIN:[epoch-0 , iter-141]  iter loss:0.037  iter miou:0.589  epoch_loss:0.036  epoch_miou:0.459
TRAIN:[epoch-0 , iter-142]  iter loss:0.029  iter miou:0.538  epoch_loss:0.036  epoch_miou:0.460
TRAIN:[epoch-0 , iter-143]  iter loss:0.025  iter miou:0.431  epoch_loss:0.036  epoch_miou:0.460
TRAIN:[epoch-0 , iter-144]  iter loss:0.021  iter miou:0.657  epoch_loss:0.036  epoch_miou:0.461
TRAIN:[epoch-0 , iter-145]  iter loss:0.017  iter miou:0.416  epoch_loss:0.035  epoch_miou:0.461
TRAIN:[epoch-0 , iter-146]  iter loss:0.041  iter miou:0.458  epoch_loss:0.035  epoch_miou:0.461
TRAIN:[epoch-0 , iter-147]  iter loss:0.028  iter miou:0.469  epoch_loss:0.035  epoch_miou:0.461
TRAIN:[epoch-0 , iter-148]  iter loss:0.020  iter miou:0.602  epoch_loss:0.035  epoch_miou:0.462
TRAIN:[epoch-0 , iter-149]  iter loss:0.027  iter miou:0.593  epoch_loss:0.035  epoch_miou:0.463
TRAIN:[epoch-0 , iter-150]  iter loss:0.047  iter miou:0.532  epoch_loss:0.035  epoch_miou:0.463
TRAIN:[epoch-0 , iter-151]  iter loss:0.042  iter miou:0.339  epoch_loss:0.035  epoch_miou:0.462
TRAIN:[epoch-0 , iter-152]  iter loss:0.016  iter miou:0.479  epoch_loss:0.035  epoch_miou:0.462
TRAIN:[epoch-0 , iter-153]  iter loss:0.014  iter miou:0.416  epoch_loss:0.035  epoch_miou:0.462
TRAIN:[epoch-0 , iter-154]  iter loss:0.059  iter miou:0.418  epoch_loss:0.035  epoch_miou:0.462
TRAIN:[epoch-0 , iter-155]  iter loss:0.052  iter miou:0.481  epoch_loss:0.035  epoch_miou:0.462
TRAIN:[epoch-0 , iter-156]  iter loss:0.032  iter miou:0.432  epoch_loss:0.035  epoch_miou:0.462
TRAIN:[epoch-0 , iter-157]  iter loss:0.026  iter miou:0.272  epoch_loss:0.035  epoch_miou:0.461
TRAIN:[epoch-0 , iter-158]  iter loss:0.022  iter miou:0.562  epoch_loss:0.035  epoch_miou:0.461
TRAIN:[epoch-0 , iter-159]  iter loss:0.035  iter miou:0.514  epoch_loss:0.035  epoch_miou:0.462
TRAIN:[epoch-0 , iter-160]  iter loss:0.031  iter miou:0.418  epoch_loss:0.035  epoch_miou:0.461
TRAIN:[epoch-0 , iter-161]  iter loss:0.016  iter miou:0.431  epoch_loss:0.035  epoch_miou:0.461
TRAIN:[epoch-0 , iter-162]  iter loss:0.024  iter miou:0.476  epoch_loss:0.035  epoch_miou:0.461
TRAIN:[epoch-0 , iter-163]  iter loss:0.054  iter miou:0.555  epoch_loss:0.035  epoch_miou:0.462
TRAIN:[epoch-0 , iter-164]  iter loss:0.024  iter miou:0.464  epoch_loss:0.035  epoch_miou:0.462
TRAIN:[epoch-0 , iter-165]  iter loss:0.020  iter miou:0.505  epoch_loss:0.035  epoch_miou:0.462
TRAIN:[epoch-0 , iter-166]  iter loss:0.044  iter miou:0.403  epoch_loss:0.035  epoch_miou:0.462
TRAIN:[epoch-0 , iter-167]  iter loss:0.090  iter miou:0.416  epoch_loss:0.035  epoch_miou:0.461
TRAIN:[epoch-0 , iter-168]  iter loss:0.013  iter miou:0.489  epoch_loss:0.035  epoch_miou:0.462
TRAIN:[epoch-0 , iter-169]  iter loss:0.036  iter miou:0.450  epoch_loss:0.035  epoch_miou:0.461
TRAIN:[epoch-0 , iter-170]  iter loss:0.025  iter miou:0.638  epoch_loss:0.035  epoch_miou:0.463
TRAIN:[epoch-0 , iter-171]  iter loss:0.016  iter miou:0.477  epoch_loss:0.035  epoch_miou:0.463
TRAIN:[epoch-0 , iter-172]  iter loss:0.016  iter miou:0.472  epoch_loss:0.035  epoch_miou:0.463
TRAIN:[epoch-0 , iter-173]  iter loss:0.035  iter miou:0.601  epoch_loss:0.035  epoch_miou:0.463
TRAIN:[epoch-0 , iter-174]  iter loss:0.042  iter miou:0.393  epoch_loss:0.035  epoch_miou:0.463
TRAIN:[epoch-0 , iter-175]  iter loss:0.049  iter miou:0.429  epoch_loss:0.035  epoch_miou:0.463
TRAIN:[epoch-0 , iter-176]  iter loss:0.018  iter miou:0.452  epoch_loss:0.035  epoch_miou:0.463
TRAIN:[epoch-0 , iter-177]  iter loss:0.038  iter miou:0.437  epoch_loss:0.035  epoch_miou:0.463
TRAIN:[epoch-0 , iter-178]  iter loss:0.086  iter miou:0.558  epoch_loss:0.035  epoch_miou:0.463
TRAIN:[epoch-0 , iter-179]  iter loss:0.034  iter miou:0.388  epoch_loss:0.035  epoch_miou:0.463
TRAIN:[epoch-0 , iter-180]  iter loss:0.022  iter miou:0.435  epoch_loss:0.035  epoch_miou:0.463
TRAIN:[epoch-0 , iter-181]  iter loss:0.035  iter miou:0.434  epoch_loss:0.035  epoch_miou:0.462
TRAIN:[epoch-0 , iter-182]  iter loss:0.085  iter miou:0.436  epoch_loss:0.035  epoch_miou:0.462
TRAIN:[epoch-0 , iter-183]  iter loss:0.023  iter miou:0.378  epoch_loss:0.035  epoch_miou:0.462
TRAIN:[epoch-0 , iter-184]  iter loss:0.012  iter miou:0.484  epoch_loss:0.035  epoch_miou:0.462
TRAIN:[epoch-0 , iter-185]  iter loss:0.030  iter miou:0.600  epoch_loss:0.035  epoch_miou:0.463
TRAIN:[epoch-0 , iter-186]  iter loss:0.046  iter miou:0.448  epoch_loss:0.035  epoch_miou:0.463
TRAIN:[epoch-0 , iter-187]  iter loss:0.101  iter miou:0.425  epoch_loss:0.036  epoch_miou:0.462
TRAIN:[epoch-0 , iter-188]  iter loss:0.014  iter miou:0.413  epoch_loss:0.036  epoch_miou:0.462
TRAIN:[epoch-0 , iter-189]  iter loss:0.012  iter miou:0.421  epoch_loss:0.035  epoch_miou:0.462
TRAIN:[epoch-0 , iter-190]  iter loss:0.051  iter miou:0.410  epoch_loss:0.035  epoch_miou:0.462
TRAIN:[epoch-0 , iter-191]  iter loss:0.016  iter miou:0.584  epoch_loss:0.035  epoch_miou:0.462
TRAIN:[epoch-0 , iter-192]  iter loss:0.037  iter miou:0.431  epoch_loss:0.035  epoch_miou:0.462
TRAIN:[epoch-0 , iter-193]  iter loss:0.032  iter miou:0.432  epoch_loss:0.035  epoch_miou:0.462
TRAIN:[epoch-0 , iter-194]  iter loss:0.053  iter miou:0.344  epoch_loss:0.035  epoch_miou:0.461
TRAIN:[epoch-0 , iter-195]  iter loss:0.048  iter miou:0.501  epoch_loss:0.036  epoch_miou:0.462
TRAIN:[epoch-0 , iter-196]  iter loss:0.014  iter miou:0.425  epoch_loss:0.035  epoch_miou:0.461
TRAIN:[epoch-0 , iter-197]  iter loss:0.035  iter miou:0.547  epoch_loss:0.035  epoch_miou:0.462
TRAIN:[epoch-0 , iter-198]  iter loss:0.013  iter miou:0.458  epoch_loss:0.035  epoch_miou:0.462
TRAIN:[epoch-0 , iter-199]  iter loss:0.043  iter miou:0.300  epoch_loss:0.035  epoch_miou:0.461
TRAIN:[epoch-0 , iter-200]  iter loss:0.024  iter miou:0.446  epoch_loss:0.035  epoch_miou:0.461
TRAIN:[epoch-0 , iter-201]  iter loss:0.021  iter miou:0.429  epoch_loss:0.035  epoch_miou:0.461
TRAIN:[epoch-0 , iter-202]  iter loss:0.026  iter miou:0.503  epoch_loss:0.035  epoch_miou:0.461
TRAIN:[epoch-0 , iter-203]  iter loss:0.024  iter miou:0.485  epoch_loss:0.035  epoch_miou:0.461
TRAIN:[epoch-0 , iter-204]  iter loss:0.009  iter miou:0.399  epoch_loss:0.035  epoch_miou:0.461
TRAIN:[epoch-0 , iter-205]  iter loss:0.014  iter miou:0.463  epoch_loss:0.035  epoch_miou:0.461
TRAIN:[epoch-0 , iter-206]  iter loss:0.036  iter miou:0.583  epoch_loss:0.035  epoch_miou:0.461
TRAIN:[epoch-0 , iter-207]  iter loss:0.021  iter miou:0.505  epoch_loss:0.035  epoch_miou:0.462
TRAIN:[epoch-0 , iter-208]  iter loss:0.054  iter miou:0.372  epoch_loss:0.035  epoch_miou:0.461
TRAIN:[epoch-0 , iter-209]  iter loss:0.041  iter miou:0.563  epoch_loss:0.035  epoch_miou:0.462
TRAIN:[epoch-0 , iter-210]  iter loss:0.015  iter miou:0.498  epoch_loss:0.035  epoch_miou:0.462
TRAIN:[epoch-0 , iter-211]  iter loss:0.026  iter miou:0.448  epoch_loss:0.035  epoch_miou:0.462
TRAIN:[epoch-0 , iter-212]  iter loss:0.020  iter miou:0.575  epoch_loss:0.035  epoch_miou:0.462
TRAIN:[epoch-0 , iter-213]  iter loss:0.022  iter miou:0.492  epoch_loss:0.035  epoch_miou:0.462
TRAIN:[epoch-0 , iter-214]  iter loss:0.013  iter miou:0.491  epoch_loss:0.035  epoch_miou:0.463
TRAIN:[epoch-0 , iter-215]  iter loss:0.020  iter miou:0.465  epoch_loss:0.034  epoch_miou:0.463
TRAIN:[epoch-0 , iter-216]  iter loss:0.013  iter miou:0.496  epoch_loss:0.034  epoch_miou:0.463
TRAIN:[epoch-0 , iter-217]  iter loss:0.031  iter miou:0.422  epoch_loss:0.034  epoch_miou:0.463
TRAIN:[epoch-0 , iter-218]  iter loss:0.019  iter miou:0.342  epoch_loss:0.034  epoch_miou:0.462
TRAIN:[epoch-0 , iter-219]  iter loss:0.024  iter miou:0.485  epoch_loss:0.034  epoch_miou:0.462
TRAIN:[epoch-0 , iter-220]  iter loss:0.015  iter miou:0.458  epoch_loss:0.034  epoch_miou:0.462
TRAIN:[epoch-0 , iter-221]  iter loss:0.015  iter miou:0.439  epoch_loss:0.034  epoch_miou:0.462
TRAIN:[epoch-0 , iter-222]  iter loss:0.021  iter miou:0.431  epoch_loss:0.034  epoch_miou:0.462
TRAIN:[epoch-0 , iter-223]  iter loss:0.014  iter miou:0.468  epoch_loss:0.034  epoch_miou:0.462
TRAIN:[epoch-0 , iter-224]  iter loss:0.050  iter miou:0.561  epoch_loss:0.034  epoch_miou:0.462
TRAIN:[epoch-0 , iter-225]  iter loss:0.012  iter miou:0.468  epoch_loss:0.034  epoch_miou:0.462
TRAIN:[epoch-0 , iter-226]  iter loss:0.040  iter miou:0.379  epoch_loss:0.034  epoch_miou:0.462
TRAIN:[epoch-0 , iter-227]  iter loss:0.021  iter miou:0.290  epoch_loss:0.034  epoch_miou:0.461
TRAIN:[epoch-0 , iter-228]  iter loss:0.033  iter miou:0.479  epoch_loss:0.034  epoch_miou:0.461
TRAIN:[epoch-0 , iter-229]  iter loss:0.014  iter miou:0.542  epoch_loss:0.034  epoch_miou:0.462
TRAIN:[epoch-0 , iter-230]  iter loss:0.023  iter miou:0.516  epoch_loss:0.034  epoch_miou:0.462
TRAIN:[epoch-0 , iter-231]  iter loss:0.016  iter miou:0.482  epoch_loss:0.034  epoch_miou:0.462
TRAIN:[epoch-0 , iter-232]  iter loss:0.021  iter miou:0.527  epoch_loss:0.034  epoch_miou:0.462
TRAIN:[epoch-0 , iter-233]  iter loss:0.044  iter miou:0.378  epoch_loss:0.034  epoch_miou:0.462
TRAIN:[epoch-0 , iter-234]  iter loss:0.019  iter miou:0.401  epoch_loss:0.034  epoch_miou:0.462
TRAIN:[epoch-0 , iter-235]  iter loss:0.031  iter miou:0.507  epoch_loss:0.034  epoch_miou:0.462
TRAIN:[epoch-0 , iter-236]  iter loss:0.025  iter miou:0.527  epoch_loss:0.034  epoch_miou:0.462
TRAIN:[epoch-0 , iter-237]  iter loss:0.094  iter miou:0.525  epoch_loss:0.034  epoch_miou:0.462
TRAIN:[epoch-0 , iter-238]  iter loss:0.015  iter miou:0.410  epoch_loss:0.034  epoch_miou:0.462
TRAIN:[epoch-0 , iter-239]  iter loss:0.051  iter miou:0.505  epoch_loss:0.034  epoch_miou:0.462
TRAIN:[epoch-0 , iter-240]  iter loss:0.035  iter miou:0.633  epoch_loss:0.034  epoch_miou:0.463
TRAIN:[epoch-0 , iter-241]  iter loss:0.014  iter miou:0.483  epoch_loss:0.034  epoch_miou:0.463
TRAIN:[epoch-0 , iter-242]  iter loss:0.031  iter miou:0.550  epoch_loss:0.034  epoch_miou:0.463
TRAIN:[epoch-0 , iter-243]  iter loss:0.025  iter miou:0.552  epoch_loss:0.034  epoch_miou:0.464
TRAIN:[epoch-0 , iter-244]  iter loss:0.021  iter miou:0.425  epoch_loss:0.034  epoch_miou:0.464
TRAIN:[epoch-0 , iter-245]  iter loss:0.012  iter miou:0.471  epoch_loss:0.034  epoch_miou:0.464
TRAIN:[epoch-0 , iter-246]  iter loss:0.024  iter miou:0.469  epoch_loss:0.033  epoch_miou:0.464
TRAIN:[epoch-0 , iter-247]  iter loss:0.045  iter miou:0.450  epoch_loss:0.034  epoch_miou:0.464
TRAIN:[epoch-0 , iter-248]  iter loss:0.017  iter miou:0.503  epoch_loss:0.033  epoch_miou:0.464
TRAIN:[epoch-0 , iter-249]  iter loss:0.023  iter miou:0.491  epoch_loss:0.033  epoch_miou:0.464
TRAIN:[epoch-0 , iter-250]  iter loss:0.013  iter miou:0.301  epoch_loss:0.033  epoch_miou:0.463
TRAIN:[epoch-0 , iter-251]  iter loss:0.024  iter miou:0.479  epoch_loss:0.033  epoch_miou:0.463
TRAIN:[epoch-0 , iter-252]  iter loss:0.037  iter miou:0.462  epoch_loss:0.033  epoch_miou:0.463
TRAIN:[epoch-0 , iter-253]  iter loss:0.019  iter miou:0.297  epoch_loss:0.033  epoch_miou:0.463
TRAIN:[epoch-0 , iter-254]  iter loss:0.013  iter miou:0.380  epoch_loss:0.033  epoch_miou:0.462
TRAIN:[epoch-0 , iter-255]  iter loss:0.027  iter miou:0.445  epoch_loss:0.033  epoch_miou:0.462
TRAIN:[epoch-0 , iter-256]  iter loss:0.020  iter miou:0.441  epoch_loss:0.033  epoch_miou:0.462
TRAIN:[epoch-0 , iter-257]  iter loss:0.052  iter miou:0.557  epoch_loss:0.033  epoch_miou:0.463
TRAIN:[epoch-0 , iter-258]  iter loss:0.022  iter miou:0.519  epoch_loss:0.033  epoch_miou:0.463
TRAIN:[epoch-0 , iter-259]  iter loss:0.030  iter miou:0.506  epoch_loss:0.033  epoch_miou:0.463
TRAIN:[epoch-0 , iter-260]  iter loss:0.029  iter miou:0.556  epoch_loss:0.033  epoch_miou:0.463
TRAIN:[epoch-0 , iter-261]  iter loss:0.088  iter miou:0.570  epoch_loss:0.033  epoch_miou:0.464
TRAIN:[epoch-0 , iter-262]  iter loss:0.059  iter miou:0.510  epoch_loss:0.033  epoch_miou:0.464
TRAIN:[epoch-0 , iter-263]  iter loss:0.026  iter miou:0.322  epoch_loss:0.033  epoch_miou:0.463
TRAIN:[epoch-0 , iter-264]  iter loss:0.016  iter miou:0.418  epoch_loss:0.033  epoch_miou:0.463
TRAIN:[epoch-0 , iter-265]  iter loss:0.022  iter miou:0.459  epoch_loss:0.033  epoch_miou:0.463
TRAIN:[epoch-0 , iter-266]  iter loss:0.029  iter miou:0.488  epoch_loss:0.033  epoch_miou:0.463
TRAIN:[epoch-0 , iter-267]  iter loss:0.022  iter miou:0.526  epoch_loss:0.033  epoch_miou:0.464
TRAIN:[epoch-0 , iter-268]  iter loss:0.068  iter miou:0.519  epoch_loss:0.033  epoch_miou:0.464
TRAIN:[epoch-0 , iter-269]  iter loss:0.013  iter miou:0.499  epoch_loss:0.033  epoch_miou:0.464
TRAIN:[epoch-0 , iter-270]  iter loss:0.024  iter miou:0.479  epoch_loss:0.033  epoch_miou:0.464
TRAIN:[epoch-0 , iter-271]  iter loss:0.032  iter miou:0.439  epoch_loss:0.033  epoch_miou:0.464
TRAIN:[epoch-0 , iter-272]  iter loss:0.020  iter miou:0.481  epoch_loss:0.033  epoch_miou:0.464
TRAIN:[epoch-0 , iter-273]  iter loss:0.022  iter miou:0.601  epoch_loss:0.033  epoch_miou:0.464
TRAIN:[epoch-0 , iter-274]  iter loss:0.013  iter miou:0.549  epoch_loss:0.033  epoch_miou:0.465
TRAIN:[epoch-0 , iter-275]  iter loss:0.021  iter miou:0.512  epoch_loss:0.033  epoch_miou:0.465
TRAIN:[epoch-0 , iter-276]  iter loss:0.024  iter miou:0.491  epoch_loss:0.033  epoch_miou:0.465
TRAIN:[epoch-0 , iter-277]  iter loss:0.025  iter miou:0.485  epoch_loss:0.033  epoch_miou:0.465
TRAIN:[epoch-0 , iter-278]  iter loss:0.054  iter miou:0.464  epoch_loss:0.033  epoch_miou:0.465
TRAIN:[epoch-0 , iter-279]  iter loss:0.019  iter miou:0.446  epoch_loss:0.033  epoch_miou:0.465
TRAIN:[epoch-0 , iter-280]  iter loss:0.012  iter miou:0.392  epoch_loss:0.033  epoch_miou:0.465
TRAIN:[epoch-0 , iter-281]  iter loss:0.014  iter miou:0.453  epoch_loss:0.033  epoch_miou:0.465
TRAIN:[epoch-0 , iter-282]  iter loss:0.030  iter miou:0.503  epoch_loss:0.033  epoch_miou:0.465
TRAIN:[epoch-0 , iter-283]  iter loss:0.053  iter miou:0.518  epoch_loss:0.033  epoch_miou:0.465
TRAIN:[epoch-0 , iter-284]  iter loss:0.032  iter miou:0.373  epoch_loss:0.033  epoch_miou:0.465
TRAIN:[epoch-0 , iter-285]  iter loss:0.013  iter miou:0.453  epoch_loss:0.033  epoch_miou:0.465
TRAIN:[epoch-0 , iter-286]  iter loss:0.009  iter miou:0.415  epoch_loss:0.033  epoch_miou:0.464
TRAIN:[epoch-0 , iter-287]  iter loss:0.066  iter miou:0.427  epoch_loss:0.033  epoch_miou:0.464
TRAIN:[epoch-0 , iter-288]  iter loss:0.023  iter miou:0.578  epoch_loss:0.033  epoch_miou:0.465
TRAIN:[epoch-0 , iter-289]  iter loss:0.041  iter miou:0.685  epoch_loss:0.033  epoch_miou:0.465
TRAIN:[epoch-0 , iter-290]  iter loss:0.026  iter miou:0.440  epoch_loss:0.033  epoch_miou:0.465
TRAIN:[epoch-0 , iter-291]  iter loss:0.008  iter miou:0.355  epoch_loss:0.033  epoch_miou:0.465
TRAIN:[epoch-0 , iter-292]  iter loss:0.032  iter miou:0.517  epoch_loss:0.033  epoch_miou:0.465
TRAIN:[epoch-0 , iter-293]  iter loss:0.032  iter miou:0.671  epoch_loss:0.033  epoch_miou:0.466
TRAIN:[epoch-0 , iter-294]  iter loss:0.015  iter miou:0.539  epoch_loss:0.033  epoch_miou:0.466
TRAIN:[epoch-0 , iter-295]  iter loss:0.045  iter miou:0.504  epoch_loss:0.033  epoch_miou:0.466
TRAIN:[epoch-0 , iter-296]  iter loss:0.008  iter miou:0.336  epoch_loss:0.033  epoch_miou:0.466
TRAIN:[epoch-0 , iter-297]  iter loss:0.039  iter miou:0.656  epoch_loss:0.033  epoch_miou:0.466
TRAIN:[epoch-0 , iter-298]  iter loss:0.019  iter miou:0.549  epoch_loss:0.033  epoch_miou:0.467
TRAIN:[epoch-0 , iter-299]  iter loss:0.025  iter miou:0.484  epoch_loss:0.033  epoch_miou:0.467
TRAIN:[epoch-0 , iter-300]  iter loss:0.018  iter miou:0.409  epoch_loss:0.033  epoch_miou:0.467
TRAIN:[epoch-0 , iter-301]  iter loss:0.017  iter miou:0.484  epoch_loss:0.033  epoch_miou:0.467
TRAIN:[epoch-0 , iter-302]  iter loss:0.025  iter miou:0.528  epoch_loss:0.032  epoch_miou:0.467
TRAIN:[epoch-0 , iter-303]  iter loss:0.020  iter miou:0.405  epoch_loss:0.032  epoch_miou:0.467
TRAIN:[epoch-0 , iter-304]  iter loss:0.062  iter miou:0.440  epoch_loss:0.033  epoch_miou:0.467
TRAIN:[epoch-0 , iter-305]  iter loss:0.019  iter miou:0.301  epoch_loss:0.032  epoch_miou:0.466
TRAIN:[epoch-0 , iter-306]  iter loss:0.015  iter miou:0.591  epoch_loss:0.032  epoch_miou:0.466
TRAIN:[epoch-0 , iter-307]  iter loss:0.042  iter miou:0.429  epoch_loss:0.032  epoch_miou:0.466
TRAIN:[epoch-0 , iter-308]  iter loss:0.043  iter miou:0.442  epoch_loss:0.032  epoch_miou:0.466
TRAIN:[epoch-0 , iter-309]  iter loss:0.023  iter miou:0.539  epoch_loss:0.032  epoch_miou:0.466
TRAIN:[epoch-0 , iter-310]  iter loss:0.030  iter miou:0.466  epoch_loss:0.032  epoch_miou:0.466
TRAIN:[epoch-0 , iter-311]  iter loss:0.010  iter miou:0.459  epoch_loss:0.032  epoch_miou:0.466
TRAIN:[epoch-0 , iter-312]  iter loss:0.016  iter miou:0.409  epoch_loss:0.032  epoch_miou:0.466
TRAIN:[epoch-0 , iter-313]  iter loss:0.019  iter miou:0.524  epoch_loss:0.032  epoch_miou:0.466
TRAIN:[epoch-0 , iter-314]  iter loss:0.032  iter miou:0.506  epoch_loss:0.032  epoch_miou:0.467
TRAIN:[epoch-0 , iter-315]  iter loss:0.061  iter miou:0.561  epoch_loss:0.032  epoch_miou:0.467
TRAIN:[epoch-0 , iter-316]  iter loss:0.009  iter miou:0.433  epoch_loss:0.032  epoch_miou:0.467
TRAIN:[epoch-0 , iter-317]  iter loss:0.019  iter miou:0.321  epoch_loss:0.032  epoch_miou:0.466
TRAIN:[epoch-0 , iter-318]  iter loss:0.014  iter miou:0.597  epoch_loss:0.032  epoch_miou:0.467
TRAIN:[epoch-0 , iter-319]  iter loss:0.036  iter miou:0.452  epoch_loss:0.032  epoch_miou:0.467
TRAIN:[epoch-0 , iter-320]  iter loss:0.024  iter miou:0.463  epoch_loss:0.032  epoch_miou:0.467
TRAIN:[epoch-0 , iter-321]  iter loss:0.096  iter miou:0.407  epoch_loss:0.032  epoch_miou:0.466
TRAIN:[epoch-0 , iter-322]  iter loss:0.057  iter miou:0.446  epoch_loss:0.032  epoch_miou:0.466
TRAIN:[epoch-0 , iter-323]  iter loss:0.026  iter miou:0.421  epoch_loss:0.032  epoch_miou:0.466
TRAIN:[epoch-0 , iter-324]  iter loss:0.030  iter miou:0.498  epoch_loss:0.032  epoch_miou:0.466
TRAIN:[epoch-0 , iter-325]  iter loss:0.013  iter miou:0.547  epoch_loss:0.032  epoch_miou:0.467
TRAIN:[epoch-0 , iter-326]  iter loss:0.010  iter miou:0.566  epoch_loss:0.032  epoch_miou:0.467
TRAIN:[epoch-0 , iter-327]  iter loss:0.039  iter miou:0.522  epoch_loss:0.032  epoch_miou:0.467
TRAIN:[epoch-0 , iter-328]  iter loss:0.012  iter miou:0.342  epoch_loss:0.032  epoch_miou:0.467
TRAIN:[epoch-0 , iter-329]  iter loss:0.061  iter miou:0.487  epoch_loss:0.032  epoch_miou:0.467
TRAIN:[epoch-0 , iter-330]  iter loss:0.015  iter miou:0.341  epoch_loss:0.032  epoch_miou:0.466
TRAIN:[epoch-0 , iter-331]  iter loss:0.030  iter miou:0.497  epoch_loss:0.032  epoch_miou:0.466
TRAIN:[epoch-0 , iter-332]  iter loss:0.045  iter miou:0.373  epoch_loss:0.032  epoch_miou:0.466
TRAIN:[epoch-0 , iter-333]  iter loss:0.064  iter miou:0.371  epoch_loss:0.032  epoch_miou:0.466
TRAIN:[epoch-0 , iter-334]  iter loss:0.026  iter miou:0.449  epoch_loss:0.032  epoch_miou:0.466
TRAIN:[epoch-0 , iter-335]  iter loss:0.039  iter miou:0.492  epoch_loss:0.032  epoch_miou:0.466
TRAIN:[epoch-0 , iter-336]  iter loss:0.040  iter miou:0.541  epoch_loss:0.032  epoch_miou:0.466
TRAIN:[epoch-0 , iter-337]  iter loss:0.018  iter miou:0.367  epoch_loss:0.032  epoch_miou:0.466
TRAIN:[epoch-0 , iter-338]  iter loss:0.015  iter miou:0.500  epoch_loss:0.032  epoch_miou:0.466
TRAIN:[epoch-0 , iter-339]  iter loss:0.015  iter miou:0.414  epoch_loss:0.032  epoch_miou:0.466
TRAIN:[epoch-0 , iter-340]  iter loss:0.025  iter miou:0.535  epoch_loss:0.032  epoch_miou:0.466
TRAIN:[epoch-0 , iter-341]  iter loss:0.021  iter miou:0.537  epoch_loss:0.032  epoch_miou:0.466
TRAIN:[epoch-0 , iter-342]  iter loss:0.014  iter miou:0.524  epoch_loss:0.032  epoch_miou:0.466
TRAIN:[epoch-0 , iter-343]  iter loss:0.043  iter miou:0.481  epoch_loss:0.032  epoch_miou:0.466
TRAIN:[epoch-0 , iter-344]  iter loss:0.067  iter miou:0.417  epoch_loss:0.032  epoch_miou:0.466
TRAIN:[epoch-0 , iter-345]  iter loss:0.027  iter miou:0.459  epoch_loss:0.032  epoch_miou:0.466
TRAIN:[epoch-0 , iter-346]  iter loss:0.043  iter miou:0.410  epoch_loss:0.032  epoch_miou:0.466
TRAIN:[epoch-0 , iter-347]  iter loss:0.033  iter miou:0.448  epoch_loss:0.032  epoch_miou:0.466
TRAIN:[epoch-0 , iter-348]  iter loss:0.017  iter miou:0.582  epoch_loss:0.032  epoch_miou:0.466
TRAIN:[epoch-0 , iter-349]  iter loss:0.009  iter miou:0.477  epoch_loss:0.032  epoch_miou:0.466
TRAIN:[epoch-0 , iter-350]  iter loss:0.023  iter miou:0.341  epoch_loss:0.032  epoch_miou:0.466
TRAIN:[epoch-0 , iter-351]  iter loss:0.019  iter miou:0.596  epoch_loss:0.032  epoch_miou:0.466
TRAIN:[epoch-0 , iter-352]  iter loss:0.011  iter miou:0.500  epoch_loss:0.032  epoch_miou:0.467
TRAIN:[epoch-0 , iter-353]  iter loss:0.015  iter miou:0.475  epoch_loss:0.032  epoch_miou:0.467
TRAIN:[epoch-0 , iter-354]  iter loss:0.017  iter miou:0.582  epoch_loss:0.032  epoch_miou:0.467
TRAIN:[epoch-0 , iter-355]  iter loss:0.025  iter miou:0.402  epoch_loss:0.032  epoch_miou:0.467
TRAIN:[epoch-0 , iter-356]  iter loss:0.042  iter miou:0.543  epoch_loss:0.032  epoch_miou:0.467
TRAIN:[epoch-0 , iter-357]  iter loss:0.071  iter miou:0.418  epoch_loss:0.032  epoch_miou:0.467
TRAIN:[epoch-0 , iter-358]  iter loss:0.044  iter miou:0.375  epoch_loss:0.032  epoch_miou:0.467
TRAIN:[epoch-0 , iter-359]  iter loss:0.024  iter miou:0.508  epoch_loss:0.032  epoch_miou:0.467
TRAIN:[epoch-0 , iter-360]  iter loss:0.025  iter miou:0.564  epoch_loss:0.032  epoch_miou:0.467
TRAIN:[epoch-0 , iter-361]  iter loss:0.014  iter miou:0.397  epoch_loss:0.032  epoch_miou:0.467
TRAIN:[epoch-0 , iter-362]  iter loss:0.018  iter miou:0.388  epoch_loss:0.032  epoch_miou:0.466
TRAIN:[epoch-0 , iter-363]  iter loss:0.049  iter miou:0.542  epoch_loss:0.032  epoch_miou:0.467
TRAIN:[epoch-0 , iter-364]  iter loss:0.037  iter miou:0.476  epoch_loss:0.032  epoch_miou:0.467
TRAIN:[epoch-0 , iter-365]  iter loss:0.028  iter miou:0.423  epoch_loss:0.032  epoch_miou:0.467
TRAIN:[epoch-0 , iter-366]  iter loss:0.017  iter miou:0.400  epoch_loss:0.032  epoch_miou:0.466
TRAIN:[epoch-0 , iter-367]  iter loss:0.048  iter miou:0.459  epoch_loss:0.032  epoch_miou:0.466
TRAIN:[epoch-0 , iter-368]  iter loss:0.148  iter miou:0.385  epoch_loss:0.032  epoch_miou:0.466
TRAIN:[epoch-0 , iter-369]  iter loss:0.016  iter miou:0.480  epoch_loss:0.032  epoch_miou:0.466
TRAIN:[epoch-0 , iter-370]  iter loss:0.013  iter miou:0.487  epoch_loss:0.032  epoch_miou:0.466
TRAIN:[epoch-0 , iter-371]  iter loss:0.024  iter miou:0.461  epoch_loss:0.032  epoch_miou:0.466
TRAIN:[epoch-0 , iter-372]  iter loss:0.029  iter miou:0.490  epoch_loss:0.032  epoch_miou:0.466
TRAIN:[epoch-0 , iter-373]  iter loss:0.025  iter miou:0.557  epoch_loss:0.032  epoch_miou:0.467
TRAIN:[epoch-0 , iter-374]  iter loss:0.032  iter miou:0.516  epoch_loss:0.032  epoch_miou:0.467
TRAIN:[epoch-0 , iter-375]  iter loss:0.016  iter miou:0.466  epoch_loss:0.032  epoch_miou:0.467
TRAIN:[epoch-0 , iter-376]  iter loss:0.028  iter miou:0.455  epoch_loss:0.032  epoch_miou:0.467
TRAIN:[epoch-0 , iter-377]  iter loss:0.027  iter miou:0.484  epoch_loss:0.032  epoch_miou:0.467
TRAIN:[epoch-0 , iter-378]  iter loss:0.029  iter miou:0.294  epoch_loss:0.032  epoch_miou:0.466
TRAIN:[epoch-0 , iter-379]  iter loss:0.050  iter miou:0.424  epoch_loss:0.032  epoch_miou:0.466
TRAIN:[epoch-0 , iter-380]  iter loss:0.021  iter miou:0.443  epoch_loss:0.032  epoch_miou:0.466
TRAIN:[epoch-0 , iter-381]  iter loss:0.033  iter miou:0.520  epoch_loss:0.032  epoch_miou:0.466
TRAIN:[epoch-0 , iter-382]  iter loss:0.066  iter miou:0.457  epoch_loss:0.032  epoch_miou:0.466
TRAIN:[epoch-0 , iter-383]  iter loss:0.015  iter miou:0.396  epoch_loss:0.032  epoch_miou:0.466
TRAIN:[epoch-0 , iter-384]  iter loss:0.054  iter miou:0.458  epoch_loss:0.032  epoch_miou:0.466
TRAIN:[epoch-0 , iter-385]  iter loss:0.064  iter miou:0.550  epoch_loss:0.032  epoch_miou:0.466
TRAIN:[epoch-0 , iter-386]  iter loss:0.014  iter miou:0.432  epoch_loss:0.032  epoch_miou:0.466
TRAIN:[epoch-0 , iter-387]  iter loss:0.017  iter miou:0.403  epoch_loss:0.032  epoch_miou:0.466
TRAIN:[epoch-0 , iter-388]  iter loss:0.045  iter miou:0.415  epoch_loss:0.032  epoch_miou:0.466
TRAIN:[epoch-0 , iter-389]  iter loss:0.043  iter miou:0.433  epoch_loss:0.032  epoch_miou:0.466
TRAIN:[epoch-0 , iter-390]  iter loss:0.053  iter miou:0.697  epoch_loss:0.032  epoch_miou:0.466
TRAIN:[epoch-0 , iter-391]  iter loss:0.091  iter miou:0.388  epoch_loss:0.033  epoch_miou:0.466
TRAIN:[epoch-0 , iter-392]  iter loss:0.089  iter miou:0.573  epoch_loss:0.033  epoch_miou:0.466
TRAIN:[epoch-0 , iter-393]  iter loss:0.041  iter miou:0.527  epoch_loss:0.033  epoch_miou:0.467
TRAIN:[epoch-0 , iter-394]  iter loss:0.021  iter miou:0.432  epoch_loss:0.033  epoch_miou:0.466
TRAIN:[epoch-0 , iter-395]  iter loss:0.034  iter miou:0.409  epoch_loss:0.033  epoch_miou:0.466
TRAIN:[epoch-0 , iter-396]  iter loss:0.040  iter miou:0.504  epoch_loss:0.033  epoch_miou:0.466
TRAIN:[epoch-0 , iter-397]  iter loss:0.030  iter miou:0.469  epoch_loss:0.033  epoch_miou:0.466
TRAIN:[epoch-0 , iter-398]  iter loss:0.041  iter miou:0.436  epoch_loss:0.033  epoch_miou:0.466
TRAIN:[epoch-0 , iter-399]  iter loss:0.034  iter miou:0.422  epoch_loss:0.033  epoch_miou:0.466
TRAIN:[epoch-0 , iter-400]  iter loss:0.038  iter miou:0.461  epoch_loss:0.033  epoch_miou:0.466
TRAIN:[epoch-0 , iter-401]  iter loss:0.016  iter miou:0.489  epoch_loss:0.033  epoch_miou:0.466
TRAIN:[epoch-0 , iter-402]  iter loss:0.025  iter miou:0.274  epoch_loss:0.033  epoch_miou:0.466
TRAIN:[epoch-0 , iter-403]  iter loss:0.037  iter miou:0.478  epoch_loss:0.033  epoch_miou:0.466
TRAIN:[epoch-0 , iter-404]  iter loss:0.015  iter miou:0.435  epoch_loss:0.033  epoch_miou:0.466
TRAIN:[epoch-0 , iter-405]  iter loss:0.015  iter miou:0.580  epoch_loss:0.033  epoch_miou:0.466
TRAIN:[epoch-0 , iter-406]  iter loss:0.026  iter miou:0.606  epoch_loss:0.033  epoch_miou:0.466
TRAIN:[epoch-0 , iter-407]  iter loss:0.030  iter miou:0.487  epoch_loss:0.033  epoch_miou:0.466
TRAIN:[epoch-0 , iter-408]  iter loss:0.062  iter miou:0.466  epoch_loss:0.033  epoch_miou:0.466
TRAIN:[epoch-0 , iter-409]  iter loss:0.035  iter miou:0.402  epoch_loss:0.033  epoch_miou:0.466
TRAIN:[epoch-0 , iter-410]  iter loss:0.057  iter miou:0.559  epoch_loss:0.033  epoch_miou:0.467
TRAIN:[epoch-0 , iter-411]  iter loss:0.016  iter miou:0.462  epoch_loss:0.033  epoch_miou:0.466
TRAIN:[epoch-0 , iter-412]  iter loss:0.026  iter miou:0.390  epoch_loss:0.033  epoch_miou:0.466
TRAIN:[epoch-0 , iter-413]  iter loss:0.034  iter miou:0.423  epoch_loss:0.033  epoch_miou:0.466
TRAIN:[epoch-0 , iter-414]  iter loss:0.058  iter miou:0.499  epoch_loss:0.033  epoch_miou:0.466
TRAIN:[epoch-0 , iter-415]  iter loss:0.011  iter miou:0.356  epoch_loss:0.033  epoch_miou:0.466
TRAIN:[epoch-0 , iter-416]  iter loss:0.013  iter miou:0.509  epoch_loss:0.033  epoch_miou:0.466
TRAIN:[epoch-0 , iter-417]  iter loss:0.023  iter miou:0.505  epoch_loss:0.033  epoch_miou:0.466
TRAIN:[epoch-0 , iter-418]  iter loss:0.020  iter miou:0.491  epoch_loss:0.033  epoch_miou:0.466
TRAIN:[epoch-0 , iter-419]  iter loss:0.024  iter miou:0.564  epoch_loss:0.033  epoch_miou:0.467
TRAIN:[epoch-0 , iter-420]  iter loss:0.026  iter miou:0.549  epoch_loss:0.033  epoch_miou:0.467
TRAIN:[epoch-0 , iter-421]  iter loss:0.011  iter miou:0.327  epoch_loss:0.032  epoch_miou:0.466
TRAIN:[epoch-0 , iter-422]  iter loss:0.035  iter miou:0.546  epoch_loss:0.032  epoch_miou:0.467
TRAIN:[epoch-0 , iter-423]  iter loss:0.013  iter miou:0.478  epoch_loss:0.032  epoch_miou:0.467
TRAIN:[epoch-0 , iter-424]  iter loss:0.051  iter miou:0.512  epoch_loss:0.032  epoch_miou:0.467
TRAIN:[epoch-0 , iter-425]  iter loss:0.016  iter miou:0.438  epoch_loss:0.032  epoch_miou:0.467
TRAIN:[epoch-0 , iter-426]  iter loss:0.038  iter miou:0.570  epoch_loss:0.032  epoch_miou:0.467
TRAIN:[epoch-0 , iter-427]  iter loss:0.017  iter miou:0.545  epoch_loss:0.032  epoch_miou:0.467
TRAIN:[epoch-0 , iter-428]  iter loss:0.026  iter miou:0.544  epoch_loss:0.032  epoch_miou:0.467
TRAIN:[epoch-0 , iter-429]  iter loss:0.076  iter miou:0.471  epoch_loss:0.033  epoch_miou:0.467
TRAIN:[epoch-0 , iter-430]  iter loss:0.029  iter miou:0.511  epoch_loss:0.033  epoch_miou:0.467
TRAIN:[epoch-0 , iter-431]  iter loss:0.010  iter miou:0.419  epoch_loss:0.032  epoch_miou:0.467
TRAIN:[epoch-0 , iter-432]  iter loss:0.012  iter miou:0.504  epoch_loss:0.032  epoch_miou:0.467
TRAIN:[epoch-0 , iter-433]  iter loss:0.079  iter miou:0.395  epoch_loss:0.033  epoch_miou:0.467
TRAIN:[epoch-0 , iter-434]  iter loss:0.034  iter miou:0.506  epoch_loss:0.033  epoch_miou:0.467
TRAIN:[epoch-0 , iter-435]  iter loss:0.025  iter miou:0.555  epoch_loss:0.033  epoch_miou:0.467
TRAIN:[epoch-0 , iter-436]  iter loss:0.016  iter miou:0.404  epoch_loss:0.032  epoch_miou:0.467
TRAIN:[epoch-0 , iter-437]  iter loss:0.040  iter miou:0.488  epoch_loss:0.032  epoch_miou:0.467
TRAIN:[epoch-0 , iter-438]  iter loss:0.011  iter miou:0.487  epoch_loss:0.032  epoch_miou:0.467
TRAIN:[epoch-0 , iter-439]  iter loss:0.023  iter miou:0.401  epoch_loss:0.032  epoch_miou:0.467
TRAIN:[epoch-0 , iter-440]  iter loss:0.014  iter miou:0.575  epoch_loss:0.032  epoch_miou:0.467
TRAIN:[epoch-0 , iter-441]  iter loss:0.016  iter miou:0.456  epoch_loss:0.032  epoch_miou:0.467
TRAIN:[epoch-0 , iter-442]  iter loss:0.011  iter miou:0.430  epoch_loss:0.032  epoch_miou:0.467
TRAIN:[epoch-0 , iter-443]  iter loss:0.025  iter miou:0.457  epoch_loss:0.032  epoch_miou:0.467
TRAIN:[epoch-0 , iter-444]  iter loss:0.026  iter miou:0.563  epoch_loss:0.032  epoch_miou:0.468
TRAIN:[epoch-0 , iter-445]  iter loss:0.016  iter miou:0.448  epoch_loss:0.032  epoch_miou:0.468
TRAIN:[epoch-0 , iter-446]  iter loss:0.008  iter miou:0.404  epoch_loss:0.032  epoch_miou:0.467
TRAIN:[epoch-0 , iter-447]  iter loss:0.020  iter miou:0.550  epoch_loss:0.032  epoch_miou:0.468
TRAIN:[epoch-0 , iter-448]  iter loss:0.018  iter miou:0.349  epoch_loss:0.032  epoch_miou:0.467
TRAIN:[epoch-0 , iter-449]  iter loss:0.056  iter miou:0.582  epoch_loss:0.032  epoch_miou:0.468
TRAIN:[epoch-0 , iter-450]  iter loss:0.041  iter miou:0.480  epoch_loss:0.032  epoch_miou:0.468
TRAIN:[epoch-0 , iter-451]  iter loss:0.016  iter miou:0.545  epoch_loss:0.032  epoch_miou:0.468
TRAIN:[epoch-0 , iter-452]  iter loss:0.036  iter miou:0.334  epoch_loss:0.032  epoch_miou:0.467
TRAIN:[epoch-0 , iter-453]  iter loss:0.009  iter miou:0.324  epoch_loss:0.032  epoch_miou:0.467
TRAIN:[epoch-0 , iter-454]  iter loss:0.015  iter miou:0.554  epoch_loss:0.032  epoch_miou:0.467
TRAIN:[epoch-0 , iter-455]  iter loss:0.016  iter miou:0.500  epoch_loss:0.032  epoch_miou:0.467
TRAIN:[epoch-0 , iter-456]  iter loss:0.054  iter miou:0.399  epoch_loss:0.032  epoch_miou:0.467
TRAIN:[epoch-0 , iter-457]  iter loss:0.020  iter miou:0.424  epoch_loss:0.032  epoch_miou:0.467
TRAIN:[epoch-0 , iter-458]  iter loss:0.023  iter miou:0.629  epoch_loss:0.032  epoch_miou:0.468
TRAIN:[epoch-0 , iter-459]  iter loss:0.016  iter miou:0.588  epoch_loss:0.032  epoch_miou:0.468
TRAIN:[epoch-0 , iter-460]  iter loss:0.024  iter miou:0.452  epoch_loss:0.032  epoch_miou:0.468
TRAIN:[epoch-0 , iter-461]  iter loss:0.009  iter miou:0.429  epoch_loss:0.032  epoch_miou:0.468
TRAIN:[epoch-0 , iter-462]  iter loss:0.025  iter miou:0.497  epoch_loss:0.032  epoch_miou:0.468
TRAIN:[epoch-0 , iter-463]  iter loss:0.016  iter miou:0.491  epoch_loss:0.032  epoch_miou:0.468
TRAIN:[epoch-0 , iter-464]  iter loss:0.022  iter miou:0.399  epoch_loss:0.032  epoch_miou:0.468
TRAIN:[epoch-0 , iter-465]  iter loss:0.021  iter miou:0.491  epoch_loss:0.032  epoch_miou:0.468
TRAIN:[epoch-0 , iter-466]  iter loss:0.027  iter miou:0.528  epoch_loss:0.032  epoch_miou:0.468
TRAIN:[epoch-0 , iter-467]  iter loss:0.022  iter miou:0.497  epoch_loss:0.032  epoch_miou:0.468
TRAIN:[epoch-0 , iter-468]  iter loss:0.023  iter miou:0.589  epoch_loss:0.032  epoch_miou:0.468
TRAIN:[epoch-0 , iter-469]  iter loss:0.031  iter miou:0.505  epoch_loss:0.032  epoch_miou:0.468
TRAIN:[epoch-0 , iter-470]  iter loss:0.023  iter miou:0.510  epoch_loss:0.032  epoch_miou:0.468
TRAIN:[epoch-0 , iter-471]  iter loss:0.095  iter miou:0.262  epoch_loss:0.032  epoch_miou:0.468
TRAIN:[epoch-0 , iter-472]  iter loss:0.027  iter miou:0.545  epoch_loss:0.032  epoch_miou:0.468
TRAIN:[epoch-0 , iter-473]  iter loss:0.037  iter miou:0.529  epoch_loss:0.032  epoch_miou:0.468
TRAIN:[epoch-0 , iter-474]  iter loss:0.042  iter miou:0.481  epoch_loss:0.032  epoch_miou:0.468
TRAIN:[epoch-0 , iter-475]  iter loss:0.030  iter miou:0.429  epoch_loss:0.032  epoch_miou:0.468
TRAIN:[epoch-0 , iter-476]  iter loss:0.023  iter miou:0.450  epoch_loss:0.032  epoch_miou:0.468
TRAIN:[epoch-0 , iter-477]  iter loss:0.016  iter miou:0.392  epoch_loss:0.032  epoch_miou:0.468
TRAIN:[epoch-0 , iter-478]  iter loss:0.021  iter miou:0.469  epoch_loss:0.032  epoch_miou:0.468
TRAIN:[epoch-0 , iter-479]  iter loss:0.009  iter miou:0.464  epoch_loss:0.032  epoch_miou:0.468
TRAIN:[epoch-0 , iter-480]  iter loss:0.016  iter miou:0.389  epoch_loss:0.032  epoch_miou:0.468
TRAIN:[epoch-0 , iter-481]  iter loss:0.043  iter miou:0.492  epoch_loss:0.032  epoch_miou:0.468
TRAIN:[epoch-0 , iter-482]  iter loss:0.022  iter miou:0.517  epoch_loss:0.032  epoch_miou:0.468
TRAIN:[epoch-0 , iter-483]  iter loss:0.032  iter miou:0.583  epoch_loss:0.032  epoch_miou:0.468
TRAIN:[epoch-0 , iter-484]  iter loss:0.025  iter miou:0.517  epoch_loss:0.032  epoch_miou:0.468
TRAIN:[epoch-0 , iter-485]  iter loss:0.019  iter miou:0.488  epoch_loss:0.032  epoch_miou:0.468
TRAIN:[epoch-0 , iter-486]  iter loss:0.019  iter miou:0.375  epoch_loss:0.032  epoch_miou:0.468
TRAIN:[epoch-0 , iter-487]  iter loss:0.021  iter miou:0.489  epoch_loss:0.032  epoch_miou:0.468
TRAIN:[epoch-0 , iter-488]  iter loss:0.040  iter miou:0.438  epoch_loss:0.032  epoch_miou:0.468
TRAIN:[epoch-0 , iter-489]  iter loss:0.041  iter miou:0.328  epoch_loss:0.032  epoch_miou:0.468
TRAIN:[epoch-0 , iter-490]  iter loss:0.012  iter miou:0.503  epoch_loss:0.032  epoch_miou:0.468
TRAIN:[epoch-0 , iter-491]  iter loss:0.014  iter miou:0.457  epoch_loss:0.032  epoch_miou:0.468
TRAIN:[epoch-0 , iter-492]  iter loss:0.041  iter miou:0.333  epoch_loss:0.032  epoch_miou:0.468
TRAIN:[epoch-0 , iter-493]  iter loss:0.020  iter miou:0.368  epoch_loss:0.032  epoch_miou:0.467
TRAIN:[epoch-0 , iter-494]  iter loss:0.058  iter miou:0.445  epoch_loss:0.032  epoch_miou:0.467
TRAIN:[epoch-0 , iter-495]  iter loss:0.018  iter miou:0.497  epoch_loss:0.032  epoch_miou:0.467
TRAIN:[epoch-0 , iter-496]  iter loss:0.040  iter miou:0.274  epoch_loss:0.032  epoch_miou:0.467
TRAIN:[epoch-0 , iter-497]  iter loss:0.016  iter miou:0.468  epoch_loss:0.032  epoch_miou:0.467
TRAIN:[epoch-0 , iter-498]  iter loss:0.010  iter miou:0.503  epoch_loss:0.032  epoch_miou:0.467
TRAIN:[epoch-0 , iter-499]  iter loss:0.011  iter miou:0.422  epoch_loss:0.032  epoch_miou:0.467
TRAIN:[epoch-0 , iter-500]  iter loss:0.076  iter miou:0.537  epoch_loss:0.032  epoch_miou:0.467
TRAIN:[epoch-0 , iter-501]  iter loss:0.023  iter miou:0.411  epoch_loss:0.032  epoch_miou:0.467
TRAIN:[epoch-0 , iter-502]  iter loss:0.015  iter miou:0.559  epoch_loss:0.032  epoch_miou:0.467
TRAIN:[epoch-0 , iter-503]  iter loss:0.033  iter miou:0.564  epoch_loss:0.032  epoch_miou:0.467
TRAIN:[epoch-0 , iter-504]  iter loss:0.016  iter miou:0.477  epoch_loss:0.032  epoch_miou:0.467
TRAIN:[epoch-0 , iter-505]  iter loss:0.015  iter miou:0.456  epoch_loss:0.032  epoch_miou:0.467
TRAIN:[epoch-0 , iter-506]  iter loss:0.013  iter miou:0.438  epoch_loss:0.031  epoch_miou:0.467
TRAIN:[epoch-0 , iter-507]  iter loss:0.015  iter miou:0.450  epoch_loss:0.031  epoch_miou:0.467
TRAIN:[epoch-0 , iter-508]  iter loss:0.026  iter miou:0.524  epoch_loss:0.031  epoch_miou:0.467
TRAIN:[epoch-0 , iter-509]  iter loss:0.014  iter miou:0.444  epoch_loss:0.031  epoch_miou:0.467
TRAIN:[epoch-0 , iter-510]  iter loss:0.013  iter miou:0.514  epoch_loss:0.031  epoch_miou:0.467
TRAIN:[epoch-0 , iter-511]  iter loss:0.013  iter miou:0.480  epoch_loss:0.031  epoch_miou:0.467
TRAIN:[epoch-0 , iter-512]  iter loss:0.018  iter miou:0.406  epoch_loss:0.031  epoch_miou:0.467
TRAIN:[epoch-0 , iter-513]  iter loss:0.017  iter miou:0.405  epoch_loss:0.031  epoch_miou:0.467
TRAIN:[epoch-0 , iter-514]  iter loss:0.026  iter miou:0.646  epoch_loss:0.031  epoch_miou:0.468
TRAIN:[epoch-0 , iter-515]  iter loss:0.015  iter miou:0.429  epoch_loss:0.031  epoch_miou:0.467
TRAIN:[epoch-0 , iter-516]  iter loss:0.022  iter miou:0.494  epoch_loss:0.031  epoch_miou:0.468
TRAIN:[epoch-0 , iter-517]  iter loss:0.097  iter miou:0.535  epoch_loss:0.031  epoch_miou:0.468
TRAIN:[epoch-0 , iter-518]  iter loss:0.017  iter miou:0.435  epoch_loss:0.031  epoch_miou:0.468
TRAIN:[epoch-0 , iter-519]  iter loss:0.028  iter miou:0.428  epoch_loss:0.031  epoch_miou:0.467
TRAIN:[epoch-0 , iter-520]  iter loss:0.032  iter miou:0.387  epoch_loss:0.031  epoch_miou:0.467
TRAIN:[epoch-0 , iter-521]  iter loss:0.014  iter miou:0.476  epoch_loss:0.031  epoch_miou:0.467
TRAIN:[epoch-0 , iter-522]  iter loss:0.009  iter miou:0.421  epoch_loss:0.031  epoch_miou:0.467
TRAIN:[epoch-0 , iter-523]  iter loss:0.020  iter miou:0.440  epoch_loss:0.031  epoch_miou:0.467
TRAIN:[epoch-0 , iter-524]  iter loss:0.039  iter miou:0.660  epoch_loss:0.031  epoch_miou:0.468
TRAIN:[epoch-0 , iter-525]  iter loss:0.016  iter miou:0.444  epoch_loss:0.031  epoch_miou:0.468
TRAIN:[epoch-0 , iter-526]  iter loss:0.013  iter miou:0.487  epoch_loss:0.031  epoch_miou:0.468
TRAIN:[epoch-0 , iter-527]  iter loss:0.030  iter miou:0.508  epoch_loss:0.031  epoch_miou:0.468
TRAIN:[epoch-0 , iter-528]  iter loss:0.017  iter miou:0.493  epoch_loss:0.031  epoch_miou:0.468
TRAIN:[epoch-0 , iter-529]  iter loss:0.009  iter miou:0.400  epoch_loss:0.031  epoch_miou:0.468
TRAIN:[epoch-0 , iter-530]  iter loss:0.013  iter miou:0.482  epoch_loss:0.031  epoch_miou:0.468
TRAIN:[epoch-0 , iter-531]  iter loss:0.038  iter miou:0.549  epoch_loss:0.031  epoch_miou:0.468
TRAIN:[epoch-0 , iter-532]  iter loss:0.053  iter miou:0.535  epoch_loss:0.031  epoch_miou:0.468
TRAIN:[epoch-0 , iter-533]  iter loss:0.030  iter miou:0.483  epoch_loss:0.031  epoch_miou:0.468
TRAIN:[epoch-0 , iter-534]  iter loss:0.020  iter miou:0.378  epoch_loss:0.031  epoch_miou:0.468
TRAIN:[epoch-0 , iter-535]  iter loss:0.019  iter miou:0.493  epoch_loss:0.031  epoch_miou:0.468
TRAIN:[epoch-0 , iter-536]  iter loss:0.011  iter miou:0.457  epoch_loss:0.031  epoch_miou:0.468
TRAIN:[epoch-0 , iter-537]  iter loss:0.025  iter miou:0.355  epoch_loss:0.031  epoch_miou:0.468
TRAIN:[epoch-0 , iter-538]  iter loss:0.015  iter miou:0.586  epoch_loss:0.031  epoch_miou:0.468
TRAIN:[epoch-0 , iter-539]  iter loss:0.011  iter miou:0.548  epoch_loss:0.031  epoch_miou:0.468
TRAIN:[epoch-0 , iter-540]  iter loss:0.016  iter miou:0.455  epoch_loss:0.031  epoch_miou:0.468
TRAIN:[epoch-0 , iter-541]  iter loss:0.019  iter miou:0.552  epoch_loss:0.031  epoch_miou:0.468
TRAIN:[epoch-0 , iter-542]  iter loss:0.018  iter miou:0.480  epoch_loss:0.031  epoch_miou:0.468
TRAIN:[epoch-0 , iter-543]  iter loss:0.061  iter miou:0.485  epoch_loss:0.031  epoch_miou:0.468
TRAIN:[epoch-0 , iter-544]  iter loss:0.043  iter miou:0.419  epoch_loss:0.031  epoch_miou:0.468
TRAIN:[epoch-0 , iter-545]  iter loss:0.009  iter miou:0.342  epoch_loss:0.031  epoch_miou:0.468
TRAIN:[epoch-0 , iter-546]  iter loss:0.023  iter miou:0.438  epoch_loss:0.031  epoch_miou:0.468
TRAIN:[epoch-0 , iter-547]  iter loss:0.042  iter miou:0.537  epoch_loss:0.031  epoch_miou:0.468
TRAIN:[epoch-0 , iter-548]  iter loss:0.030  iter miou:0.639  epoch_loss:0.031  epoch_miou:0.468
TRAIN:[epoch-0 , iter-549]  iter loss:0.033  iter miou:0.383  epoch_loss:0.031  epoch_miou:0.468
TRAIN:[epoch-0 , iter-550]  iter loss:0.020  iter miou:0.437  epoch_loss:0.031  epoch_miou:0.468
TRAIN:[epoch-0 , iter-551]  iter loss:0.018  iter miou:0.407  epoch_loss:0.031  epoch_miou:0.468
TRAIN:[epoch-0 , iter-552]  iter loss:0.020  iter miou:0.417  epoch_loss:0.031  epoch_miou:0.468
TRAIN:[epoch-0 , iter-553]  iter loss:0.055  iter miou:0.409  epoch_loss:0.031  epoch_miou:0.468
TRAIN:[epoch-0 , iter-554]  iter loss:0.028  iter miou:0.528  epoch_loss:0.031  epoch_miou:0.468
TRAIN:[epoch-0 , iter-555]  iter loss:0.046  iter miou:0.634  epoch_loss:0.031  epoch_miou:0.468
TRAIN:[epoch-0 , iter-556]  iter loss:0.017  iter miou:0.560  epoch_loss:0.031  epoch_miou:0.468
TRAIN:[epoch-0 , iter-557]  iter loss:0.039  iter miou:0.478  epoch_loss:0.031  epoch_miou:0.468
TRAIN:[epoch-0 , iter-558]  iter loss:0.047  iter miou:0.345  epoch_loss:0.031  epoch_miou:0.468
TRAIN:[epoch-0 , iter-559]  iter loss:0.037  iter miou:0.573  epoch_loss:0.031  epoch_miou:0.468
TRAIN:[epoch-0 , iter-560]  iter loss:0.010  iter miou:0.429  epoch_loss:0.031  epoch_miou:0.468
TRAIN:[epoch-0 , iter-561]  iter loss:0.013  iter miou:0.331  epoch_loss:0.031  epoch_miou:0.468
TRAIN:[epoch-0 , iter-562]  iter loss:0.011  iter miou:0.477  epoch_loss:0.031  epoch_miou:0.468
TRAIN:[epoch-0 , iter-563]  iter loss:0.014  iter miou:0.563  epoch_loss:0.031  epoch_miou:0.468
TRAIN:[epoch-0 , iter-564]  iter loss:0.009  iter miou:0.374  epoch_loss:0.031  epoch_miou:0.468
TRAIN:[epoch-0 , iter-565]  iter loss:0.017  iter miou:0.529  epoch_loss:0.031  epoch_miou:0.468
TRAIN:[epoch-0 , iter-566]  iter loss:0.009  iter miou:0.314  epoch_loss:0.031  epoch_miou:0.468
TRAIN:[epoch-0 , iter-567]  iter loss:0.020  iter miou:0.498  epoch_loss:0.031  epoch_miou:0.468
TRAIN:[epoch-0 , iter-568]  iter loss:0.038  iter miou:0.398  epoch_loss:0.031  epoch_miou:0.468
TRAIN:[epoch-0 , iter-569]  iter loss:0.019  iter miou:0.484  epoch_loss:0.031  epoch_miou:0.468
TRAIN:[epoch-0 , iter-570]  iter loss:0.028  iter miou:0.606  epoch_loss:0.031  epoch_miou:0.468
TRAIN:[epoch-0 , iter-571]  iter loss:0.022  iter miou:0.457  epoch_loss:0.031  epoch_miou:0.468
TRAIN:[epoch-0 , iter-572]  iter loss:0.019  iter miou:0.481  epoch_loss:0.031  epoch_miou:0.468
TRAIN:[epoch-0 , iter-573]  iter loss:0.019  iter miou:0.478  epoch_loss:0.031  epoch_miou:0.468
TRAIN:[epoch-0 , iter-574]  iter loss:0.017  iter miou:0.419  epoch_loss:0.031  epoch_miou:0.468
TRAIN:[epoch-0 , iter-575]  iter loss:0.023  iter miou:0.492  epoch_loss:0.031  epoch_miou:0.468
TRAIN:[epoch-0 , iter-576]  iter loss:0.012  iter miou:0.515  epoch_loss:0.031  epoch_miou:0.468
TRAIN:[epoch-0 , iter-577]  iter loss:0.023  iter miou:0.417  epoch_loss:0.031  epoch_miou:0.468
TRAIN:[epoch-0 , iter-578]  iter loss:0.017  iter miou:0.480  epoch_loss:0.031  epoch_miou:0.468
TRAIN:[epoch-0 , iter-579]  iter loss:0.016  iter miou:0.495  epoch_loss:0.031  epoch_miou:0.468
TRAIN:[epoch-0 , iter-580]  iter loss:0.015  iter miou:0.389  epoch_loss:0.030  epoch_miou:0.468
TRAIN:[epoch-0 , iter-581]  iter loss:0.028  iter miou:0.555  epoch_loss:0.030  epoch_miou:0.468
TRAIN:[epoch-0 , iter-582]  iter loss:0.026  iter miou:0.426  epoch_loss:0.030  epoch_miou:0.468
TRAIN:[epoch-0 , iter-583]  iter loss:0.025  iter miou:0.616  epoch_loss:0.030  epoch_miou:0.468
TRAIN:[epoch-0 , iter-584]  iter loss:0.037  iter miou:0.506  epoch_loss:0.030  epoch_miou:0.468
TRAIN:[epoch-0 , iter-585]  iter loss:0.014  iter miou:0.431  epoch_loss:0.030  epoch_miou:0.468
TRAIN:[epoch-0 , iter-586]  iter loss:0.010  iter miou:0.320  epoch_loss:0.030  epoch_miou:0.468
TRAIN:[epoch-0 , iter-587]  iter loss:0.015  iter miou:0.427  epoch_loss:0.030  epoch_miou:0.468
TRAIN:[epoch-0 , iter-588]  iter loss:0.025  iter miou:0.488  epoch_loss:0.030  epoch_miou:0.468
TRAIN:[epoch-0 , iter-589]  iter loss:0.026  iter miou:0.574  epoch_loss:0.030  epoch_miou:0.468
TRAIN:[epoch-0 , iter-590]  iter loss:0.050  iter miou:0.667  epoch_loss:0.030  epoch_miou:0.468
TRAIN:[epoch-0 , iter-591]  iter loss:0.040  iter miou:0.441  epoch_loss:0.030  epoch_miou:0.468
TRAIN:[epoch-0 , iter-592]  iter loss:0.028  iter miou:0.490  epoch_loss:0.030  epoch_miou:0.468
TRAIN:[epoch-0 , iter-593]  iter loss:0.012  iter miou:0.543  epoch_loss:0.030  epoch_miou:0.469
TRAIN:[epoch-0 , iter-594]  iter loss:0.030  iter miou:0.505  epoch_loss:0.030  epoch_miou:0.469
TRAIN:[epoch-0 , iter-595]  iter loss:0.035  iter miou:0.676  epoch_loss:0.030  epoch_miou:0.469
TRAIN:[epoch-0 , iter-596]  iter loss:0.019  iter miou:0.495  epoch_loss:0.030  epoch_miou:0.469
TRAIN:[epoch-0 , iter-597]  iter loss:0.013  iter miou:0.478  epoch_loss:0.030  epoch_miou:0.469
TRAIN:[epoch-0 , iter-598]  iter loss:0.029  iter miou:0.532  epoch_loss:0.030  epoch_miou:0.469
TRAIN:[epoch-0 , iter-599]  iter loss:0.022  iter miou:0.429  epoch_loss:0.030  epoch_miou:0.469
TRAIN:[epoch-0 , iter-600]  iter loss:0.044  iter miou:0.281  epoch_loss:0.030  epoch_miou:0.469
TRAIN:[epoch-0 , iter-601]  iter loss:0.038  iter miou:0.594  epoch_loss:0.030  epoch_miou:0.469
TRAIN:[epoch-0 , iter-602]  iter loss:0.023  iter miou:0.423  epoch_loss:0.030  epoch_miou:0.469
TRAIN:[epoch-0 , iter-603]  iter loss:0.009  iter miou:0.407  epoch_loss:0.030  epoch_miou:0.469
TRAIN:[epoch-0 , iter-604]  iter loss:0.027  iter miou:0.501  epoch_loss:0.030  epoch_miou:0.469
TRAIN:[epoch-0 , iter-605]  iter loss:0.028  iter miou:0.550  epoch_loss:0.030  epoch_miou:0.469
TRAIN:[epoch-0 , iter-606]  iter loss:0.036  iter miou:0.586  epoch_loss:0.030  epoch_miou:0.469
TRAIN:[epoch-0 , iter-607]  iter loss:0.016  iter miou:0.443  epoch_loss:0.030  epoch_miou:0.469
TRAIN:[epoch-0 , iter-608]  iter loss:0.016  iter miou:0.570  epoch_loss:0.030  epoch_miou:0.469
TRAIN:[epoch-0 , iter-609]  iter loss:0.015  iter miou:0.543  epoch_loss:0.030  epoch_miou:0.469
TRAIN:[epoch-0 , iter-610]  iter loss:0.072  iter miou:0.509  epoch_loss:0.030  epoch_miou:0.469
TRAIN:[epoch-0 , iter-611]  iter loss:0.022  iter miou:0.478  epoch_loss:0.030  epoch_miou:0.469
TRAIN:[epoch-0 , iter-612]  iter loss:0.039  iter miou:0.604  epoch_loss:0.030  epoch_miou:0.470
TRAIN:[epoch-0 , iter-613]  iter loss:0.016  iter miou:0.405  epoch_loss:0.030  epoch_miou:0.470
TRAIN:[epoch-0 , iter-614]  iter loss:0.021  iter miou:0.555  epoch_loss:0.030  epoch_miou:0.470
TRAIN:[epoch-0 , iter-615]  iter loss:0.062  iter miou:0.404  epoch_loss:0.030  epoch_miou:0.470
TRAIN:[epoch-0 , iter-616]  iter loss:0.020  iter miou:0.534  epoch_loss:0.030  epoch_miou:0.470
TRAIN:[epoch-0 , iter-617]  iter loss:0.018  iter miou:0.486  epoch_loss:0.030  epoch_miou:0.470
TRAIN:[epoch-0 , iter-618]  iter loss:0.036  iter miou:0.498  epoch_loss:0.030  epoch_miou:0.470
TRAIN:[epoch-0 , iter-619]  iter loss:0.031  iter miou:0.346  epoch_loss:0.030  epoch_miou:0.470
TRAIN:[epoch-0 , iter-620]  iter loss:0.030  iter miou:0.522  epoch_loss:0.030  epoch_miou:0.470
TRAIN:[epoch-0 , iter-621]  iter loss:0.015  iter miou:0.415  epoch_loss:0.030  epoch_miou:0.470
TRAIN:[epoch-0 , iter-622]  iter loss:0.020  iter miou:0.564  epoch_loss:0.030  epoch_miou:0.470
TRAIN:[epoch-0 , iter-623]  iter loss:0.053  iter miou:0.459  epoch_loss:0.030  epoch_miou:0.470
TRAIN:[epoch-0 , iter-624]  iter loss:0.031  iter miou:0.532  epoch_loss:0.030  epoch_miou:0.470
TRAIN:[epoch-0 , iter-625]  iter loss:0.025  iter miou:0.461  epoch_loss:0.030  epoch_miou:0.470
TRAIN:[epoch-0 , iter-626]  iter loss:0.015  iter miou:0.495  epoch_loss:0.030  epoch_miou:0.470
TRAIN:[epoch-0 , iter-627]  iter loss:0.013  iter miou:0.482  epoch_loss:0.030  epoch_miou:0.470
TRAIN:[epoch-0 , iter-628]  iter loss:0.013  iter miou:0.460  epoch_loss:0.030  epoch_miou:0.470
TRAIN:[epoch-0 , iter-629]  iter loss:0.013  iter miou:0.502  epoch_loss:0.030  epoch_miou:0.470
TRAIN:[epoch-0 , iter-630]  iter loss:0.015  iter miou:0.468  epoch_loss:0.030  epoch_miou:0.470
TRAIN:[epoch-0 , iter-631]  iter loss:0.050  iter miou:0.478  epoch_loss:0.030  epoch_miou:0.470
TRAIN:[epoch-0 , iter-632]  iter loss:0.013  iter miou:0.430  epoch_loss:0.030  epoch_miou:0.470
TRAIN:[epoch-0 , iter-633]  iter loss:0.026  iter miou:0.507  epoch_loss:0.030  epoch_miou:0.470
TRAIN:[epoch-0 , iter-634]  iter loss:0.016  iter miou:0.480  epoch_loss:0.030  epoch_miou:0.470
TRAIN:[epoch-0 , iter-635]  iter loss:0.027  iter miou:0.553  epoch_loss:0.030  epoch_miou:0.470
TRAIN:[epoch-0 , iter-636]  iter loss:0.009  iter miou:0.426  epoch_loss:0.030  epoch_miou:0.470
TRAIN:[epoch-0 , iter-637]  iter loss:0.031  iter miou:0.640  epoch_loss:0.030  epoch_miou:0.470
TRAIN:[epoch-0 , iter-638]  iter loss:0.033  iter miou:0.621  epoch_loss:0.030  epoch_miou:0.470
TRAIN:[epoch-0 , iter-639]  iter loss:0.019  iter miou:0.392  epoch_loss:0.030  epoch_miou:0.470
TRAIN:[epoch-0 , iter-640]  iter loss:0.032  iter miou:0.627  epoch_loss:0.030  epoch_miou:0.471
TRAIN:[epoch-0 , iter-641]  iter loss:0.026  iter miou:0.398  epoch_loss:0.030  epoch_miou:0.470
TRAIN:[epoch-0 , iter-642]  iter loss:0.017  iter miou:0.463  epoch_loss:0.030  epoch_miou:0.470
TRAIN:[epoch-0 , iter-643]  iter loss:0.028  iter miou:0.340  epoch_loss:0.030  epoch_miou:0.470
TRAIN:[epoch-0 , iter-644]  iter loss:0.024  iter miou:0.296  epoch_loss:0.030  epoch_miou:0.470
TRAIN:[epoch-0 , iter-645]  iter loss:0.021  iter miou:0.446  epoch_loss:0.030  epoch_miou:0.470
TRAIN:[epoch-0 , iter-646]  iter loss:0.025  iter miou:0.541  epoch_loss:0.030  epoch_miou:0.470
TRAIN:[epoch-0 , iter-647]  iter loss:0.024  iter miou:0.485  epoch_loss:0.030  epoch_miou:0.470
TRAIN:[epoch-0 , iter-648]  iter loss:0.026  iter miou:0.533  epoch_loss:0.030  epoch_miou:0.470
TRAIN:[epoch-0 , iter-649]  iter loss:0.014  iter miou:0.493  epoch_loss:0.030  epoch_miou:0.470
TRAIN:[epoch-0 , iter-650]  iter loss:0.024  iter miou:0.590  epoch_loss:0.030  epoch_miou:0.470
TRAIN:[epoch-0 , iter-651]  iter loss:0.014  iter miou:0.489  epoch_loss:0.030  epoch_miou:0.470
TRAIN:[epoch-0 , iter-652]  iter loss:0.036  iter miou:0.526  epoch_loss:0.030  epoch_miou:0.471
TRAIN:[epoch-0 , iter-653]  iter loss:0.012  iter miou:0.595  epoch_loss:0.030  epoch_miou:0.471
TRAIN:[epoch-0 , iter-654]  iter loss:0.026  iter miou:0.485  epoch_loss:0.030  epoch_miou:0.471
TRAIN:[epoch-0 , iter-655]  iter loss:0.018  iter miou:0.374  epoch_loss:0.030  epoch_miou:0.471
TRAIN:[epoch-0 , iter-656]  iter loss:0.010  iter miou:0.532  epoch_loss:0.030  epoch_miou:0.471
TRAIN:[epoch-0 , iter-657]  iter loss:0.017  iter miou:0.627  epoch_loss:0.030  epoch_miou:0.471
TRAIN:[epoch-0 , iter-658]  iter loss:0.017  iter miou:0.479  epoch_loss:0.030  epoch_miou:0.471
TRAIN:[epoch-0 , iter-659]  iter loss:0.010  iter miou:0.470  epoch_loss:0.030  epoch_miou:0.471
TRAIN:[epoch-0 , iter-660]  iter loss:0.032  iter miou:0.465  epoch_loss:0.030  epoch_miou:0.471
TRAIN:[epoch-0 , iter-661]  iter loss:0.015  iter miou:0.527  epoch_loss:0.030  epoch_miou:0.471
TRAIN:[epoch-0 , iter-662]  iter loss:0.032  iter miou:0.496  epoch_loss:0.030  epoch_miou:0.471
TRAIN:[epoch-0 , iter-663]  iter loss:0.012  iter miou:0.623  epoch_loss:0.030  epoch_miou:0.471
TRAIN:[epoch-0 , iter-664]  iter loss:0.019  iter miou:0.360  epoch_loss:0.030  epoch_miou:0.471
TRAIN:[epoch-0 , iter-665]  iter loss:0.024  iter miou:0.607  epoch_loss:0.030  epoch_miou:0.471
TRAIN:[epoch-0 , iter-666]  iter loss:0.017  iter miou:0.341  epoch_loss:0.030  epoch_miou:0.471
TRAIN:[epoch-0 , iter-667]  iter loss:0.046  iter miou:0.648  epoch_loss:0.030  epoch_miou:0.471
TRAIN:[epoch-0 , iter-668]  iter loss:0.014  iter miou:0.541  epoch_loss:0.030  epoch_miou:0.471
TRAIN:[epoch-0 , iter-669]  iter loss:0.027  iter miou:0.569  epoch_loss:0.030  epoch_miou:0.472
TRAIN:[epoch-0 , iter-670]  iter loss:0.044  iter miou:0.499  epoch_loss:0.030  epoch_miou:0.472
TRAIN:[epoch-0 , iter-671]  iter loss:0.013  iter miou:0.480  epoch_loss:0.030  epoch_miou:0.472
TRAIN:[epoch-0 , iter-672]  iter loss:0.020  iter miou:0.534  epoch_loss:0.030  epoch_miou:0.472
TRAIN:[epoch-0 , iter-673]  iter loss:0.016  iter miou:0.515  epoch_loss:0.030  epoch_miou:0.472
TRAIN:[epoch-0 , iter-674]  iter loss:0.054  iter miou:0.618  epoch_loss:0.030  epoch_miou:0.472
TRAIN:[epoch-0 , iter-675]  iter loss:0.030  iter miou:0.496  epoch_loss:0.030  epoch_miou:0.472
TRAIN:[epoch-0 , iter-676]  iter loss:0.009  iter miou:0.447  epoch_loss:0.030  epoch_miou:0.472
TRAIN:[epoch-0 , iter-677]  iter loss:0.018  iter miou:0.387  epoch_loss:0.030  epoch_miou:0.472
TRAIN:[epoch-0 , iter-678]  iter loss:0.022  iter miou:0.566  epoch_loss:0.030  epoch_miou:0.472
TRAIN:[epoch-0 , iter-679]  iter loss:0.026  iter miou:0.387  epoch_loss:0.030  epoch_miou:0.472
TRAIN:[epoch-0 , iter-680]  iter loss:0.033  iter miou:0.469  epoch_loss:0.030  epoch_miou:0.472
TRAIN:[epoch-0 , iter-681]  iter loss:0.022  iter miou:0.431  epoch_loss:0.030  epoch_miou:0.472
TRAIN:[epoch-0 , iter-682]  iter loss:0.036  iter miou:0.375  epoch_loss:0.030  epoch_miou:0.472
TRAIN:[epoch-0 , iter-683]  iter loss:0.020  iter miou:0.489  epoch_loss:0.030  epoch_miou:0.472
TRAIN:[epoch-0 , iter-684]  iter loss:0.027  iter miou:0.373  epoch_loss:0.030  epoch_miou:0.472
TRAIN:[epoch-0 , iter-685]  iter loss:0.011  iter miou:0.399  epoch_loss:0.030  epoch_miou:0.472
TRAIN:[epoch-0 , iter-686]  iter loss:0.022  iter miou:0.559  epoch_loss:0.030  epoch_miou:0.472
TRAIN:[epoch-0 , iter-687]  iter loss:0.017  iter miou:0.509  epoch_loss:0.030  epoch_miou:0.472
TRAIN:[epoch-0 , iter-688]  iter loss:0.039  iter miou:0.636  epoch_loss:0.030  epoch_miou:0.472
TRAIN:[epoch-0 , iter-689]  iter loss:0.026  iter miou:0.505  epoch_loss:0.030  epoch_miou:0.472
TRAIN:[epoch-0 , iter-690]  iter loss:0.008  iter miou:0.436  epoch_loss:0.030  epoch_miou:0.472
TRAIN:[epoch-0 , iter-691]  iter loss:0.016  iter miou:0.358  epoch_loss:0.030  epoch_miou:0.472
TRAIN:[epoch-0 , iter-692]  iter loss:0.010  iter miou:0.333  epoch_loss:0.030  epoch_miou:0.472
TRAIN:[epoch-0 , iter-693]  iter loss:0.037  iter miou:0.589  epoch_loss:0.030  epoch_miou:0.472
TRAIN:[epoch-0 , iter-694]  iter loss:0.028  iter miou:0.454  epoch_loss:0.030  epoch_miou:0.472
TRAIN:[epoch-0 , iter-695]  iter loss:0.036  iter miou:0.456  epoch_loss:0.030  epoch_miou:0.472
TRAIN:[epoch-0 , iter-696]  iter loss:0.010  iter miou:0.367  epoch_loss:0.030  epoch_miou:0.472
TRAIN:[epoch-0 , iter-697]  iter loss:0.015  iter miou:0.597  epoch_loss:0.029  epoch_miou:0.472
TRAIN:[epoch-0 , iter-698]  iter loss:0.032  iter miou:0.596  epoch_loss:0.029  epoch_miou:0.472
TRAIN:[epoch-0 , iter-699]  iter loss:0.026  iter miou:0.547  epoch_loss:0.029  epoch_miou:0.472
TRAIN:[epoch-0 , iter-700]  iter loss:0.056  iter miou:0.354  epoch_loss:0.030  epoch_miou:0.472
TRAIN:[epoch-0 , iter-701]  iter loss:0.032  iter miou:0.602  epoch_loss:0.030  epoch_miou:0.472
TRAIN:[epoch-0 , iter-702]  iter loss:0.080  iter miou:0.497  epoch_loss:0.030  epoch_miou:0.472
TRAIN:[epoch-0 , iter-703]  iter loss:0.019  iter miou:0.604  epoch_loss:0.030  epoch_miou:0.472
TRAIN:[epoch-0 , iter-704]  iter loss:0.024  iter miou:0.373  epoch_loss:0.030  epoch_miou:0.472
TRAIN:[epoch-0 , iter-705]  iter loss:0.016  iter miou:0.407  epoch_loss:0.030  epoch_miou:0.472
TRAIN:[epoch-0 , iter-706]  iter loss:0.015  iter miou:0.465  epoch_loss:0.030  epoch_miou:0.472
TRAIN:[epoch-0 , iter-707]  iter loss:0.023  iter miou:0.492  epoch_loss:0.030  epoch_miou:0.472
TRAIN:[epoch-0 , iter-708]  iter loss:0.039  iter miou:0.425  epoch_loss:0.030  epoch_miou:0.472
TRAIN:[epoch-0 , iter-709]  iter loss:0.017  iter miou:0.567  epoch_loss:0.030  epoch_miou:0.472
TRAIN:[epoch-0 , iter-710]  iter loss:0.040  iter miou:0.474  epoch_loss:0.030  epoch_miou:0.472
TRAIN:[epoch-0 , iter-711]  iter loss:0.019  iter miou:0.515  epoch_loss:0.030  epoch_miou:0.472
TRAIN:[epoch-0 , iter-712]  iter loss:0.019  iter miou:0.478  epoch_loss:0.030  epoch_miou:0.472
TRAIN:[epoch-0 , iter-713]  iter loss:0.019  iter miou:0.467  epoch_loss:0.029  epoch_miou:0.472
TRAIN:[epoch-0 , iter-714]  iter loss:0.020  iter miou:0.489  epoch_loss:0.029  epoch_miou:0.472
TRAIN:[epoch-0 , iter-715]  iter loss:0.028  iter miou:0.531  epoch_loss:0.029  epoch_miou:0.472
TRAIN:[epoch-0 , iter-716]  iter loss:0.021  iter miou:0.407  epoch_loss:0.029  epoch_miou:0.472
TRAIN:[epoch-0 , iter-717]  iter loss:0.033  iter miou:0.636  epoch_loss:0.029  epoch_miou:0.472
TRAIN:[epoch-0 , iter-718]  iter loss:0.033  iter miou:0.602  epoch_loss:0.029  epoch_miou:0.473
TRAIN:[epoch-0 , iter-719]  iter loss:0.031  iter miou:0.577  epoch_loss:0.029  epoch_miou:0.473
TRAIN:[epoch-0 , iter-720]  iter loss:0.018  iter miou:0.628  epoch_loss:0.029  epoch_miou:0.473
TRAIN:[epoch-0 , iter-721]  iter loss:0.012  iter miou:0.521  epoch_loss:0.029  epoch_miou:0.473
TRAIN:[epoch-0 , iter-722]  iter loss:0.040  iter miou:0.535  epoch_loss:0.029  epoch_miou:0.473
TRAIN:[epoch-0 , iter-723]  iter loss:0.026  iter miou:0.651  epoch_loss:0.029  epoch_miou:0.473
TRAIN:[epoch-0 , iter-724]  iter loss:0.030  iter miou:0.402  epoch_loss:0.029  epoch_miou:0.473
TRAIN:[epoch-0 , iter-725]  iter loss:0.031  iter miou:0.583  epoch_loss:0.029  epoch_miou:0.473
TRAIN:[epoch-0 , iter-726]  iter loss:0.041  iter miou:0.392  epoch_loss:0.029  epoch_miou:0.473
TRAIN:[epoch-0 , iter-727]  iter loss:0.018  iter miou:0.337  epoch_loss:0.029  epoch_miou:0.473
TRAIN:[epoch-0 , iter-728]  iter loss:0.014  iter miou:0.599  epoch_loss:0.029  epoch_miou:0.473
TRAIN:[epoch-0 , iter-729]  iter loss:0.036  iter miou:0.413  epoch_loss:0.029  epoch_miou:0.473
TRAIN:[epoch-0 , iter-730]  iter loss:0.030  iter miou:0.408  epoch_loss:0.029  epoch_miou:0.473
TRAIN:[epoch-0 , iter-731]  iter loss:0.025  iter miou:0.512  epoch_loss:0.029  epoch_miou:0.473
TRAIN:[epoch-0 , iter-732]  iter loss:0.025  iter miou:0.541  epoch_loss:0.029  epoch_miou:0.473
TRAIN:[epoch-0 , iter-733]  iter loss:0.017  iter miou:0.464  epoch_loss:0.029  epoch_miou:0.473
TRAIN:[epoch-0 , iter-734]  iter loss:0.020  iter miou:0.498  epoch_loss:0.029  epoch_miou:0.473
TRAIN:[epoch-0 , iter-735]  iter loss:0.022  iter miou:0.549  epoch_loss:0.029  epoch_miou:0.473
TRAIN:[epoch-0 , iter-736]  iter loss:0.025  iter miou:0.480  epoch_loss:0.029  epoch_miou:0.473
TRAIN:[epoch-0 , iter-737]  iter loss:0.022  iter miou:0.479  epoch_loss:0.029  epoch_miou:0.473
TRAIN:[epoch-0 , iter-738]  iter loss:0.027  iter miou:0.558  epoch_loss:0.029  epoch_miou:0.474
TRAIN:[epoch-0 , iter-739]  iter loss:0.027  iter miou:0.279  epoch_loss:0.029  epoch_miou:0.473
TRAIN:[epoch-0 , iter-740]  iter loss:0.016  iter miou:0.500  epoch_loss:0.029  epoch_miou:0.473
TRAIN:[epoch-0 , iter-741]  iter loss:0.040  iter miou:0.554  epoch_loss:0.029  epoch_miou:0.473
TRAIN:[epoch-0 , iter-742]  iter loss:0.025  iter miou:0.474  epoch_loss:0.029  epoch_miou:0.473
TRAIN:[epoch-0 , iter-743]  iter loss:0.033  iter miou:0.610  epoch_loss:0.029  epoch_miou:0.474
TRAIN:[epoch-0 , iter-744]  iter loss:0.057  iter miou:0.441  epoch_loss:0.029  epoch_miou:0.474
TRAIN:[epoch-0 , iter-745]  iter loss:0.017  iter miou:0.476  epoch_loss:0.029  epoch_miou:0.474
TRAIN:[epoch-0 , iter-746]  iter loss:0.015  iter miou:0.377  epoch_loss:0.029  epoch_miou:0.473
TRAIN:[epoch-0 , iter-747]  iter loss:0.016  iter miou:0.514  epoch_loss:0.029  epoch_miou:0.473
TRAIN:[epoch-0 , iter-748]  iter loss:0.041  iter miou:0.506  epoch_loss:0.029  epoch_miou:0.473
TRAIN:[epoch-0 , iter-749]  iter loss:0.047  iter miou:0.443  epoch_loss:0.029  epoch_miou:0.473
TRAIN:[epoch-0 , iter-750]  iter loss:0.020  iter miou:0.404  epoch_loss:0.029  epoch_miou:0.473
TRAIN:[epoch-0 , iter-751]  iter loss:0.037  iter miou:0.490  epoch_loss:0.029  epoch_miou:0.473
TRAIN:[epoch-0 , iter-752]  iter loss:0.029  iter miou:0.515  epoch_loss:0.029  epoch_miou:0.473
TRAIN:[epoch-0 , iter-753]  iter loss:0.022  iter miou:0.573  epoch_loss:0.029  epoch_miou:0.474
TRAIN:[epoch-0 , iter-754]  iter loss:0.012  iter miou:0.426  epoch_loss:0.029  epoch_miou:0.474
TRAIN:[epoch-0 , iter-755]  iter loss:0.045  iter miou:0.539  epoch_loss:0.029  epoch_miou:0.474
TRAIN:[epoch-0 , iter-756]  iter loss:0.015  iter miou:0.519  epoch_loss:0.029  epoch_miou:0.474
TRAIN:[epoch-0 , iter-757]  iter loss:0.019  iter miou:0.557  epoch_loss:0.029  epoch_miou:0.474
TRAIN:[epoch-0 , iter-758]  iter loss:0.041  iter miou:0.417  epoch_loss:0.029  epoch_miou:0.474
TRAIN:[epoch-0 , iter-759]  iter loss:0.014  iter miou:0.544  epoch_loss:0.029  epoch_miou:0.474
TRAIN:[epoch-0 , iter-760]  iter loss:0.025  iter miou:0.454  epoch_loss:0.029  epoch_miou:0.474
TRAIN:[epoch-0 , iter-761]  iter loss:0.043  iter miou:0.414  epoch_loss:0.029  epoch_miou:0.474
TRAIN:[epoch-0 , iter-762]  iter loss:0.011  iter miou:0.483  epoch_loss:0.029  epoch_miou:0.474
TRAIN:[epoch-0 , iter-763]  iter loss:0.021  iter miou:0.531  epoch_loss:0.029  epoch_miou:0.474
TRAIN:[epoch-0 , iter-764]  iter loss:0.014  iter miou:0.533  epoch_loss:0.029  epoch_miou:0.474
TRAIN:[epoch-0 , iter-765]  iter loss:0.024  iter miou:0.471  epoch_loss:0.029  epoch_miou:0.474
TRAIN:[epoch-0 , iter-766]  iter loss:0.013  iter miou:0.401  epoch_loss:0.029  epoch_miou:0.474
TRAIN:[epoch-0 , iter-767]  iter loss:0.025  iter miou:0.536  epoch_loss:0.029  epoch_miou:0.474
TRAIN:[epoch-0 , iter-768]  iter loss:0.016  iter miou:0.413  epoch_loss:0.029  epoch_miou:0.474
TRAIN:[epoch-0 , iter-769]  iter loss:0.032  iter miou:0.401  epoch_loss:0.029  epoch_miou:0.474
TRAIN:[epoch-0 , iter-770]  iter loss:0.017  iter miou:0.462  epoch_loss:0.029  epoch_miou:0.474
TRAIN:[epoch-0 , iter-771]  iter loss:0.017  iter miou:0.408  epoch_loss:0.029  epoch_miou:0.474
TRAIN:[epoch-0 , iter-772]  iter loss:0.019  iter miou:0.587  epoch_loss:0.029  epoch_miou:0.474
TRAIN:[epoch-0 , iter-773]  iter loss:0.018  iter miou:0.460  epoch_loss:0.029  epoch_miou:0.474
TRAIN:[epoch-0 , iter-774]  iter loss:0.026  iter miou:0.486  epoch_loss:0.029  epoch_miou:0.474
TRAIN:[epoch-0 , iter-775]  iter loss:0.037  iter miou:0.481  epoch_loss:0.029  epoch_miou:0.474
TRAIN:[epoch-0 , iter-776]  iter loss:0.019  iter miou:0.518  epoch_loss:0.029  epoch_miou:0.474
TRAIN:[epoch-0 , iter-777]  iter loss:0.014  iter miou:0.565  epoch_loss:0.029  epoch_miou:0.474
TRAIN:[epoch-0 , iter-778]  iter loss:0.046  iter miou:0.301  epoch_loss:0.029  epoch_miou:0.474
TRAIN:[epoch-0 , iter-779]  iter loss:0.035  iter miou:0.531  epoch_loss:0.029  epoch_miou:0.474
TRAIN:[epoch-0 , iter-780]  iter loss:0.021  iter miou:0.435  epoch_loss:0.029  epoch_miou:0.474
TRAIN:[epoch-0 , iter-781]  iter loss:0.020  iter miou:0.580  epoch_loss:0.029  epoch_miou:0.474
TRAIN:[epoch-0 , iter-782]  iter loss:0.029  iter miou:0.580  epoch_loss:0.029  epoch_miou:0.474
TRAIN:[epoch-0 , iter-783]  iter loss:0.025  iter miou:0.481  epoch_loss:0.029  epoch_miou:0.474
TRAIN:[epoch-0 , iter-784]  iter loss:0.024  iter miou:0.438  epoch_loss:0.029  epoch_miou:0.474
TRAIN:[epoch-0 , iter-785]  iter loss:0.013  iter miou:0.471  epoch_loss:0.029  epoch_miou:0.474
TRAIN:[epoch-0 , iter-786]  iter loss:0.015  iter miou:0.505  epoch_loss:0.029  epoch_miou:0.474
TRAIN:[epoch-0 , iter-787]  iter loss:0.019  iter miou:0.413  epoch_loss:0.029  epoch_miou:0.474
TRAIN:[epoch-0 , iter-788]  iter loss:0.018  iter miou:0.472  epoch_loss:0.029  epoch_miou:0.474
TRAIN:[epoch-0 , iter-789]  iter loss:0.017  iter miou:0.517  epoch_loss:0.029  epoch_miou:0.474
TRAIN:[epoch-0 , iter-790]  iter loss:0.041  iter miou:0.562  epoch_loss:0.029  epoch_miou:0.474
TRAIN:[epoch-0 , iter-791]  iter loss:0.034  iter miou:0.370  epoch_loss:0.029  epoch_miou:0.474
TRAIN:[epoch-0 , iter-792]  iter loss:0.021  iter miou:0.644  epoch_loss:0.029  epoch_miou:0.474
TRAIN:[epoch-0 , iter-793]  iter loss:0.018  iter miou:0.573  epoch_loss:0.029  epoch_miou:0.474
TRAIN:[epoch-0 , iter-794]  iter loss:0.027  iter miou:0.590  epoch_loss:0.029  epoch_miou:0.474
TRAIN:[epoch-0 , iter-795]  iter loss:0.016  iter miou:0.540  epoch_loss:0.029  epoch_miou:0.474
TRAIN:[epoch-0 , iter-796]  iter loss:0.017  iter miou:0.560  epoch_loss:0.029  epoch_miou:0.475
TRAIN:[epoch-0 , iter-797]  iter loss:0.030  iter miou:0.592  epoch_loss:0.029  epoch_miou:0.475
TRAIN:[epoch-0 , iter-798]  iter loss:0.026  iter miou:0.310  epoch_loss:0.029  epoch_miou:0.475
TRAIN:[epoch-0 , iter-799]  iter loss:0.025  iter miou:0.541  epoch_loss:0.029  epoch_miou:0.475
TRAIN:[epoch-0 , iter-800]  iter loss:0.019  iter miou:0.530  epoch_loss:0.029  epoch_miou:0.475
TRAIN:[epoch-0 , iter-801]  iter loss:0.029  iter miou:0.539  epoch_loss:0.029  epoch_miou:0.475
TRAIN:[epoch-0 , iter-802]  iter loss:0.056  iter miou:0.418  epoch_loss:0.029  epoch_miou:0.475
TRAIN:[epoch-0 , iter-803]  iter loss:0.012  iter miou:0.382  epoch_loss:0.029  epoch_miou:0.475
TRAIN:[epoch-0 , iter-804]  iter loss:0.029  iter miou:0.613  epoch_loss:0.029  epoch_miou:0.475
TRAIN:[epoch-0 , iter-805]  iter loss:0.026  iter miou:0.682  epoch_loss:0.029  epoch_miou:0.475
TRAIN:[epoch-0 , iter-806]  iter loss:0.028  iter miou:0.575  epoch_loss:0.029  epoch_miou:0.475
TRAIN:[epoch-0 , iter-807]  iter loss:0.028  iter miou:0.595  epoch_loss:0.029  epoch_miou:0.475
TRAIN:[epoch-0 , iter-808]  iter loss:0.028  iter miou:0.432  epoch_loss:0.029  epoch_miou:0.475
TRAIN:[epoch-0 , iter-809]  iter loss:0.036  iter miou:0.492  epoch_loss:0.029  epoch_miou:0.475
TRAIN:[epoch-0 , iter-810]  iter loss:0.013  iter miou:0.494  epoch_loss:0.029  epoch_miou:0.475
TRAIN:[epoch-0 , iter-811]  iter loss:0.014  iter miou:0.542  epoch_loss:0.029  epoch_miou:0.475
TRAIN:[epoch-0 , iter-812]  iter loss:0.010  iter miou:0.500  epoch_loss:0.029  epoch_miou:0.475
TRAIN:[epoch-0 , iter-813]  iter loss:0.018  iter miou:0.619  epoch_loss:0.029  epoch_miou:0.476
TRAIN:[epoch-0 , iter-814]  iter loss:0.040  iter miou:0.357  epoch_loss:0.029  epoch_miou:0.475
TRAIN:[epoch-0 , iter-815]  iter loss:0.040  iter miou:0.408  epoch_loss:0.029  epoch_miou:0.475
TRAIN:[epoch-0 , iter-816]  iter loss:0.034  iter miou:0.477  epoch_loss:0.029  epoch_miou:0.475
TRAIN:[epoch-0 , iter-817]  iter loss:0.020  iter miou:0.528  epoch_loss:0.029  epoch_miou:0.475
TRAIN:[epoch-0 , iter-818]  iter loss:0.026  iter miou:0.418  epoch_loss:0.029  epoch_miou:0.475
TRAIN:[epoch-0 , iter-819]  iter loss:0.047  iter miou:0.418  epoch_loss:0.029  epoch_miou:0.475
TRAIN:[epoch-0 , iter-820]  iter loss:0.018  iter miou:0.489  epoch_loss:0.029  epoch_miou:0.475
TRAIN:[epoch-0 , iter-821]  iter loss:0.042  iter miou:0.439  epoch_loss:0.029  epoch_miou:0.475
TRAIN:[epoch-0 , iter-822]  iter loss:0.013  iter miou:0.396  epoch_loss:0.029  epoch_miou:0.475
TRAIN:[epoch-0 , iter-823]  iter loss:0.020  iter miou:0.503  epoch_loss:0.029  epoch_miou:0.475
TRAIN:[epoch-0 , iter-824]  iter loss:0.013  iter miou:0.397  epoch_loss:0.029  epoch_miou:0.475
TRAIN:[epoch-0 , iter-825]  iter loss:0.020  iter miou:0.515  epoch_loss:0.029  epoch_miou:0.475
TRAIN:[epoch-0 , iter-826]  iter loss:0.024  iter miou:0.491  epoch_loss:0.029  epoch_miou:0.475
TRAIN:[epoch-0 , iter-827]  iter loss:0.012  iter miou:0.435  epoch_loss:0.029  epoch_miou:0.475
TRAIN:[epoch-0 , iter-828]  iter loss:0.035  iter miou:0.596  epoch_loss:0.029  epoch_miou:0.475
TRAIN:[epoch-0 , iter-829]  iter loss:0.028  iter miou:0.444  epoch_loss:0.029  epoch_miou:0.475
TRAIN:[epoch-0 , iter-830]  iter loss:0.022  iter miou:0.421  epoch_loss:0.029  epoch_miou:0.475
TRAIN:[epoch-0 , iter-831]  iter loss:0.029  iter miou:0.502  epoch_loss:0.029  epoch_miou:0.475
TRAIN:[epoch-0 , iter-832]  iter loss:0.028  iter miou:0.486  epoch_loss:0.029  epoch_miou:0.475
TRAIN:[epoch-0 , iter-833]  iter loss:0.030  iter miou:0.487  epoch_loss:0.029  epoch_miou:0.475
TRAIN:[epoch-0 , iter-834]  iter loss:0.044  iter miou:0.456  epoch_loss:0.029  epoch_miou:0.475
TRAIN:[epoch-0 , iter-835]  iter loss:0.020  iter miou:0.398  epoch_loss:0.029  epoch_miou:0.475
TRAIN:[epoch-0 , iter-836]  iter loss:0.011  iter miou:0.316  epoch_loss:0.029  epoch_miou:0.475
TRAIN:[epoch-0 , iter-837]  iter loss:0.043  iter miou:0.409  epoch_loss:0.029  epoch_miou:0.475
TRAIN:[epoch-0 , iter-838]  iter loss:0.012  iter miou:0.479  epoch_loss:0.029  epoch_miou:0.475
TRAIN:[epoch-0 , iter-839]  iter loss:0.015  iter miou:0.462  epoch_loss:0.029  epoch_miou:0.475
TRAIN:[epoch-0 , iter-840]  iter loss:0.013  iter miou:0.505  epoch_loss:0.029  epoch_miou:0.475
TRAIN:[epoch-0 , iter-841]  iter loss:0.021  iter miou:0.463  epoch_loss:0.029  epoch_miou:0.475
TRAIN:[epoch-0 , iter-842]  iter loss:0.049  iter miou:0.432  epoch_loss:0.029  epoch_miou:0.475
TRAIN:[epoch-0 , iter-843]  iter loss:0.025  iter miou:0.525  epoch_loss:0.029  epoch_miou:0.475
TRAIN:[epoch-0 , iter-844]  iter loss:0.051  iter miou:0.565  epoch_loss:0.029  epoch_miou:0.475
TRAIN:[epoch-0 , iter-845]  iter loss:0.010  iter miou:0.434  epoch_loss:0.029  epoch_miou:0.475
TRAIN:[epoch-0 , iter-846]  iter loss:0.038  iter miou:0.513  epoch_loss:0.029  epoch_miou:0.475
TRAIN:[epoch-0 , iter-847]  iter loss:0.012  iter miou:0.453  epoch_loss:0.029  epoch_miou:0.475
TRAIN:[epoch-0 , iter-848]  iter loss:0.014  iter miou:0.511  epoch_loss:0.029  epoch_miou:0.475
TRAIN:[epoch-0 , iter-849]  iter loss:0.008  iter miou:0.442  epoch_loss:0.029  epoch_miou:0.475